Arguments: 
  /Users/bite/.nvm/versions/node/v18.12.1/bin/node /Users/bite/.nvm/versions/node/v18.12.1/bin/yarn add deck-gl

PATH: 
  /Users/bite/.nvm/versions/node/v18.12.1/bin:/Library/Frameworks/Python.framework/Versions/3.8/bin:/usr/local/bin:/System/Cryptexes/App/usr/bin:/usr/bin:/bin:/usr/sbin:/sbin:/usr/local/share/dotnet:~/.dotnet/tools:/Library/Apple/usr/bin:/Users/bite/.nvm/versions/node/v18.12.1/bin:/Library/Frameworks/Python.framework/Versions/3.8/bin:/Users/bite/.fig/bin:/Users/bite/.local/bin

Yarn version: 
  1.22.19

Node version: 
  18.12.1

Platform: 
  darwin x64

Trace: 
  Error: https://registry.yarnpkg.com/deck-gl: Not found
      at params.callback [as _callback] (/Users/bite/.nvm/versions/node/v18.12.1/lib/node_modules/yarn/lib/cli.js:66145:18)
      at self.callback (/Users/bite/.nvm/versions/node/v18.12.1/lib/node_modules/yarn/lib/cli.js:140890:22)
      at Request.emit (node:events:513:28)
      at Request.<anonymous> (/Users/bite/.nvm/versions/node/v18.12.1/lib/node_modules/yarn/lib/cli.js:141862:10)
      at Request.emit (node:events:513:28)
      at IncomingMessage.<anonymous> (/Users/bite/.nvm/versions/node/v18.12.1/lib/node_modules/yarn/lib/cli.js:141784:12)
      at Object.onceWrapper (node:events:627:28)
      at IncomingMessage.emit (node:events:525:35)
      at endReadableNT (node:internal/streams/readable:1359:12)
      at process.processTicksAndRejections (node:internal/process/task_queues:82:21)

npm manifest: 
  {
    "name": "UPoll",
    "version": "1.0.0",
    "description": "",
    "main": "index.js",
    "scripts": {
      "test": "echo \"Error: no test specified\" && exit 1",
      "start": "node --experimental-modules index.js"
    },
    "keywords": [],
    "author": "",
    "license": "ISC",
    "dependencies": {
      "axios": "^1.3.3",
      "d3": "^7.8.2",
      "d3-node": "^3.0.0",
      "esm": "^3.2.25",
      "express": "^4.17.1",
      "fast-csv": "^4.3.6",
      "nedb": "^1.8.0",
      "node-fetch": "^3.3.0",
      "parse-kml": "^1.0.1",
      "rss-to-json": "^2.1.1"
    }
  }

yarn manifest: 
  No manifest

Lockfile: 
  # THIS IS AN AUTOGENERATED FILE. DO NOT EDIT THIS FILE DIRECTLY.
  # yarn lockfile v1
  
  
  "@fast-csv/format@4.3.5":
    "integrity" "sha512-8iRn6QF3I8Ak78lNAa+Gdl5MJJBM5vRHivFtMRUWINdevNo00K7OXxS2PshawLKTejVwieIlPmK5YlLu6w4u8A=="
    "resolved" "https://registry.npmjs.org/@fast-csv/format/-/format-4.3.5.tgz"
    "version" "4.3.5"
    dependencies:
      "@types/node" "^14.0.1"
      "lodash.escaperegexp" "^4.1.2"
      "lodash.isboolean" "^3.0.3"
      "lodash.isequal" "^4.5.0"
      "lodash.isfunction" "^3.0.9"
      "lodash.isnil" "^4.0.0"
  
  "@fast-csv/parse@4.3.6":
    "integrity" "sha512-uRsLYksqpbDmWaSmzvJcuApSEe38+6NQZBUsuAyMZKqHxH0g1wcJgsKUvN3WC8tewaqFjBMMGrkHmC+T7k8LvA=="
    "resolved" "https://registry.npmjs.org/@fast-csv/parse/-/parse-4.3.6.tgz"
    "version" "4.3.6"
    dependencies:
      "@types/node" "^14.0.1"
      "lodash.escaperegexp" "^4.1.2"
      "lodash.groupby" "^4.6.0"
      "lodash.isfunction" "^3.0.9"
      "lodash.isnil" "^4.0.0"
      "lodash.isundefined" "^3.0.1"
      "lodash.uniq" "^4.5.0"
  
  "@tootallnate/once@1":
    "integrity" "sha512-RbzJvlNzmRq5c3O09UipeuXno4tA1FE6ikOjxZK0tuxVv3412l64l5t1W5pj4+rJq9vpkm/kwiR07aZXnsKPxw=="
    "resolved" "https://registry.npmjs.org/@tootallnate/once/-/once-1.1.2.tgz"
    "version" "1.1.2"
  
  "@types/node@^14.0.1":
    "integrity" "sha512-FXKWbsJ6a1hIrRxv+FoukuHnGTgEzKYGi7kilfMae96AL9UNkPFNWJEEYWzdRI9ooIkbr4AKldyuSTLql06vLQ=="
    "resolved" "https://registry.npmjs.org/@types/node/-/node-14.18.36.tgz"
    "version" "14.18.36"
  
  "abab@^2.0.3", "abab@^2.0.5":
    "integrity" "sha512-j2afSsaIENvHZN2B8GOpF566vZ5WVk5opAiMTvWgaQT8DkbOqsTfvNAvHoRGU2zzP8cPoqys+xHTRDWW8L+/BA=="
    "resolved" "https://registry.npmjs.org/abab/-/abab-2.0.6.tgz"
    "version" "2.0.6"
  
  "accepts@~1.3.8":
    "integrity" "sha512-PYAthTa2m2VKxuvSD3DPC/Gy+U+sOA1LAuT8mkmRuvw+NACSaeXEQ+NHcVF7rONl6qcaxV3Uuemwawk+7+SJLw=="
    "resolved" "https://registry.npmjs.org/accepts/-/accepts-1.3.8.tgz"
    "version" "1.3.8"
    dependencies:
      "mime-types" "~2.1.34"
      "negotiator" "0.6.3"
  
  "acorn-globals@^6.0.0":
    "integrity" "sha512-ZQl7LOWaF5ePqqcX4hLuv/bLXYQNfNWw2c0/yX/TsPRKamzHcTGQnlCjHT3TsmkOUVEPS3crCxiPfdzE/Trlhg=="
    "resolved" "https://registry.npmjs.org/acorn-globals/-/acorn-globals-6.0.0.tgz"
    "version" "6.0.0"
    dependencies:
      "acorn" "^7.1.1"
      "acorn-walk" "^7.1.1"
  
  "acorn-walk@^7.1.1":
    "integrity" "sha512-OPdCF6GsMIP+Az+aWfAAOEt2/+iVDKE7oy6lJ098aoe59oAmK76qV6Gw60SbZ8jHuG2wH058GF4pLFbYamYrVA=="
    "resolved" "https://registry.npmjs.org/acorn-walk/-/acorn-walk-7.2.0.tgz"
    "version" "7.2.0"
  
  "acorn@^7.1.1":
    "integrity" "sha512-nQyp0o1/mNdbTO1PO6kHkwSrmgZ0MT/jCCpNiwbUjGoRN4dlBhqJtoQuCnEOKzgTVwg0ZWiCoQy6SxMebQVh8A=="
    "resolved" "https://registry.npmjs.org/acorn/-/acorn-7.4.1.tgz"
    "version" "7.4.1"
  
  "acorn@^8.2.4":
    "integrity" "sha512-xjIYgE8HBrkpd/sJqOGNspf8uHG+NOHGOw6a/Urj8taM2EXfdNAH2oFcPeIFfsv3+kz/mJrS5VuMqbNLjCa2vw=="
    "resolved" "https://registry.npmjs.org/acorn/-/acorn-8.8.2.tgz"
    "version" "8.8.2"
  
  "agent-base@6":
    "integrity" "sha512-RZNwNclF7+MS/8bDg70amg32dyeZGZxiDuQmZxKLAlQjr3jGyLx+4Kkk58UO7D2QdgFIQCovuSuZESne6RG6XQ=="
    "resolved" "https://registry.npmjs.org/agent-base/-/agent-base-6.0.2.tgz"
    "version" "6.0.2"
    dependencies:
      "debug" "4"
  
  "ajv@^6.12.3":
    "integrity" "sha512-j3fVLgvTo527anyYyJOGTYJbG+vnnQYvE0m5mmkc1TK+nxAppkCLMIL0aZ4dblVCNoGShhm+kzE4ZUykBoMg4g=="
    "resolved" "https://registry.npmjs.org/ajv/-/ajv-6.12.6.tgz"
    "version" "6.12.6"
    dependencies:
      "fast-deep-equal" "^3.1.1"
      "fast-json-stable-stringify" "^2.0.0"
      "json-schema-traverse" "^0.4.1"
      "uri-js" "^4.2.2"
  
  "array-flatten@1.1.1":
    "integrity" "sha512-PCVAQswWemu6UdxsDFFX/+gVeYqKAod3D3UVm91jHwynguOwAvYPhx8nNlM++NqRcK6CxxpUafjmhIdKiHibqg=="
    "resolved" "https://registry.npmjs.org/array-flatten/-/array-flatten-1.1.1.tgz"
    "version" "1.1.1"
  
  "asn1@~0.2.3":
    "integrity" "sha512-ix/FxPn0MDjeyJ7i/yoHGFt/EX6LyNbxSEhPPXODPL+KB0VPk86UYfL0lMdy+KCnv+fmvIzySwaK5COwqVbWTQ=="
    "resolved" "https://registry.npmjs.org/asn1/-/asn1-0.2.6.tgz"
    "version" "0.2.6"
    dependencies:
      "safer-buffer" "~2.1.0"
  
  "assert-plus@^1.0.0", "assert-plus@1.0.0":
    "integrity" "sha512-NfJ4UzBCcQGLDlQq7nHxH+tv3kyZ0hHQqF5BO6J7tNJeP5do1llPr8dZ8zHonfhAu0PHAdMkSo+8o0wxg9lZWw=="
    "resolved" "https://registry.npmjs.org/assert-plus/-/assert-plus-1.0.0.tgz"
    "version" "1.0.0"
  
  "async@0.2.10":
    "integrity" "sha512-eAkdoKxU6/LkKDBzLpT+t6Ff5EtfSF4wx1WfJiPEEV7WNLnDaRXk0oVysiEPm262roaachGexwUv94WhSgN5TQ=="
    "resolved" "https://registry.npmjs.org/async/-/async-0.2.10.tgz"
    "version" "0.2.10"
  
  "asynckit@^0.4.0":
    "integrity" "sha512-Oei9OH4tRh0YqU3GxhX79dM/mwVgvbZJaSNaRk+bshkj0S5cfHcgYakreBjrHwatXKbz+IoIdYLxrKim2MjW0Q=="
    "resolved" "https://registry.npmjs.org/asynckit/-/asynckit-0.4.0.tgz"
    "version" "0.4.0"
  
  "aws-sign2@~0.7.0":
    "integrity" "sha512-08kcGqnYf/YmjoRhfxyu+CLxBjUtHLXLXX/vUfx9l2LYzG3c1m61nrpyFUZI6zeS+Li/wWMMidD9KgrqtGq3mA=="
    "resolved" "https://registry.npmjs.org/aws-sign2/-/aws-sign2-0.7.0.tgz"
    "version" "0.7.0"
  
  "aws4@^1.8.0":
    "integrity" "sha512-NmWvPnx0F1SfrQbYwOi7OeaNGokp9XhzNioJ/CSBs8Qa4vxug81mhJEAVZwxXuBmYB5KDRfMq/F3RR0BIU7sWg=="
    "resolved" "https://registry.npmjs.org/aws4/-/aws4-1.12.0.tgz"
    "version" "1.12.0"
  
  "axios@^1.2.6", "axios@^1.3.3":
    "integrity" "sha512-eYq77dYIFS77AQlhzEL937yUBSepBfPIe8FcgEDN35vMNZKMrs81pgnyrQpwfy4NF4b4XWX1Zgx7yX+25w8QJA=="
    "resolved" "https://registry.npmjs.org/axios/-/axios-1.3.3.tgz"
    "version" "1.3.3"
    dependencies:
      "follow-redirects" "^1.15.0"
      "form-data" "^4.0.0"
      "proxy-from-env" "^1.1.0"
  
  "bcrypt-pbkdf@^1.0.0":
    "integrity" "sha512-qeFIXtP4MSoi6NLqO12WfqARWWuCKi2Rn/9hJLEmtB5yTNr9DqFWkJRCf2qShWzPeAMRnOgCrq0sg/KLv5ES9w=="
    "resolved" "https://registry.npmjs.org/bcrypt-pbkdf/-/bcrypt-pbkdf-1.0.2.tgz"
    "version" "1.0.2"
    dependencies:
      "tweetnacl" "^0.14.3"
  
  "binary-search-tree@0.2.5":
    "integrity" "sha512-CvNVKS6iXagL1uGwLagSXz1hzSMezxOuGnFi5FHGKqaTO3nPPWrAbyALUzK640j+xOTVm7lzD9YP8W1f/gvUdw=="
    "resolved" "https://registry.npmjs.org/binary-search-tree/-/binary-search-tree-0.2.5.tgz"
    "version" "0.2.5"
    dependencies:
      "underscore" "~1.4.4"
  
  "body-parser@1.20.1":
    "integrity" "sha512-jWi7abTbYwajOytWCQc37VulmWiRae5RyTpaCyDcS5/lMdtwSz5lOpDE67srw/HYe35f1z3fDQw+3txg7gNtWw=="
    "resolved" "https://registry.npmjs.org/body-parser/-/body-parser-1.20.1.tgz"
    "version" "1.20.1"
    dependencies:
      "bytes" "3.1.2"
      "content-type" "~1.0.4"
      "debug" "2.6.9"
      "depd" "2.0.0"
      "destroy" "1.2.0"
      "http-errors" "2.0.0"
      "iconv-lite" "0.4.24"
      "on-finished" "2.4.1"
      "qs" "6.11.0"
      "raw-body" "2.5.1"
      "type-is" "~1.6.18"
      "unpipe" "1.0.0"
  
  "browser-process-hrtime@^1.0.0":
    "integrity" "sha512-9o5UecI3GhkpM6DrXr69PblIuWxPKk9Y0jHBRhdocZ2y7YECBFCsHm79Pr3OyR2AvjhDkabFJaDJMYRazHgsow=="
    "resolved" "https://registry.npmjs.org/browser-process-hrtime/-/browser-process-hrtime-1.0.0.tgz"
    "version" "1.0.0"
  
  "bytes@3.1.2":
    "integrity" "sha512-/Nf7TyzTx6S3yRJObOAV7956r8cr2+Oj8AC5dt8wSP3BQAoeX58NoHyCU8P8zGkNXStjTSi6fzO6F0pBdcYbEg=="
    "resolved" "https://registry.npmjs.org/bytes/-/bytes-3.1.2.tgz"
    "version" "3.1.2"
  
  "call-bind@^1.0.0":
    "integrity" "sha512-7O+FbCihrB5WGbFYesctwmTKae6rOiIzmz1icreWJ+0aA7LJfuqhEso2T9ncpcFtzMQtzXf2QGGueWJGTYsqrA=="
    "resolved" "https://registry.npmjs.org/call-bind/-/call-bind-1.0.2.tgz"
    "version" "1.0.2"
    dependencies:
      "function-bind" "^1.1.1"
      "get-intrinsic" "^1.0.2"
  
  "caseless@~0.12.0":
    "integrity" "sha512-4tYFyifaFfGacoiObjJegolkwSU4xQNGbVgUiNYVUxbQ2x2lUsFvY4hVgVzGiIe6WLOPqycWXA40l+PWsxthUw=="
    "resolved" "https://registry.npmjs.org/caseless/-/caseless-0.12.0.tgz"
    "version" "0.12.0"
  
  "combined-stream@^1.0.6", "combined-stream@^1.0.8", "combined-stream@~1.0.6":
    "integrity" "sha512-FQN4MRfuJeHf7cBbBMJFXhKSDq+2kAArBlmRBvcvFE5BB1HZKXtSFASDhdlz9zOYwxh8lDdnvmMOe/+5cdoEdg=="
    "resolved" "https://registry.npmjs.org/combined-stream/-/combined-stream-1.0.8.tgz"
    "version" "1.0.8"
    dependencies:
      "delayed-stream" "~1.0.0"
  
  "commander@2":
    "integrity" "sha512-GpVkmM8vF2vQUkj2LvZmD35JxeJOLCwJ9cUkugyk2nuhbv3+mJvpLYYt+0+USMxE+oj+ey/lJEnhZw75x/OMcQ=="
    "resolved" "https://registry.npmjs.org/commander/-/commander-2.20.3.tgz"
    "version" "2.20.3"
  
  "commander@7":
    "integrity" "sha512-QrWXB+ZQSVPmIWIhtEO9H+gwHaMGYiF5ChvoJ+K9ZGHG/sVsa6yiesAD1GC/x46sET00Xlwo1u49RVVVzvcSkw=="
    "resolved" "https://registry.npmjs.org/commander/-/commander-7.2.0.tgz"
    "version" "7.2.0"
  
  "concat-stream@~1.5.1":
    "integrity" "sha512-H6xsIBfQ94aESBG8jGHXQ7i5AEpy5ZeVaLDOisDICiTCKpqEfr34/KmTrspKQNoLKNu9gTkovlpQcUi630AKiQ=="
    "resolved" "https://registry.npmjs.org/concat-stream/-/concat-stream-1.5.2.tgz"
    "version" "1.5.2"
    dependencies:
      "inherits" "~2.0.1"
      "readable-stream" "~2.0.0"
      "typedarray" "~0.0.5"
  
  "content-disposition@0.5.4":
    "integrity" "sha512-FveZTNuGw04cxlAiWbzi6zTAL/lhehaWbTtgluJh4/E95DqMwTmha3KZN1aAWA8cFIhHzMZUvLevkw5Rqk+tSQ=="
    "resolved" "https://registry.npmjs.org/content-disposition/-/content-disposition-0.5.4.tgz"
    "version" "0.5.4"
    dependencies:
      "safe-buffer" "5.2.1"
  
  "content-type@~1.0.4":
    "integrity" "sha512-nTjqfcBFEipKdXCv4YDQWCfmcLZKm81ldF0pAopTvyrFGVbcR6P/VAAd5G7N+0tTr8QqiU0tFadD6FK4NtJwOA=="
    "resolved" "https://registry.npmjs.org/content-type/-/content-type-1.0.5.tgz"
    "version" "1.0.5"
  
  "cookie-signature@1.0.6":
    "integrity" "sha512-QADzlaHc8icV8I7vbaJXJwod9HWYp8uCqf1xa4OfNu1T7JVxQIrUgOWtHdNDtPiywmFbiS12VjotIXLrKM3orQ=="
    "resolved" "https://registry.npmjs.org/cookie-signature/-/cookie-signature-1.0.6.tgz"
    "version" "1.0.6"
  
  "cookie@0.5.0":
    "integrity" "sha512-YZ3GUyn/o8gfKJlnlX7g7xq4gyO6OSuhGPKaaGssGB2qgDUS0gPgtTvoyZLTt9Ab6dC4hfc9dV5arkvc/OCmrw=="
    "resolved" "https://registry.npmjs.org/cookie/-/cookie-0.5.0.tgz"
    "version" "0.5.0"
  
  "core-util-is@~1.0.0":
    "integrity" "sha512-ZQBvi1DcpJ4GDqanjucZ2Hj3wEO5pZDS89BWbkcrvdxksJorwUDDZamX9ldFkp9aw2lmBDLgkObEA4DWNJ9FYQ=="
    "resolved" "https://registry.npmjs.org/core-util-is/-/core-util-is-1.0.3.tgz"
    "version" "1.0.3"
  
  "core-util-is@1.0.2":
    "integrity" "sha512-3lqz5YjWTYnW6dlDa5TLaTCcShfar1e40rmcJVwCBJC6mWlFuj0eCHIElmG1g5kyuJ/GD+8Wn4FFCcz4gJPfaQ=="
    "resolved" "https://registry.npmjs.org/core-util-is/-/core-util-is-1.0.2.tgz"
    "version" "1.0.2"
  
  "cssom@^0.4.4":
    "integrity" "sha512-p3pvU7r1MyyqbTk+WbNJIgJjG2VmTIaB10rI93LzVPrmDJKkzKYMtxxyAvQXR/NS6otuzveI7+7BBq3SjBS2mw=="
    "resolved" "https://registry.npmjs.org/cssom/-/cssom-0.4.4.tgz"
    "version" "0.4.4"
  
  "cssom@~0.3.6":
    "integrity" "sha512-b0tGHbfegbhPJpxpiBPU2sCkigAqtM9O121le6bbOlgyV+NyGyCmVfJ6QW9eRjz8CpNfWEOYBIMIGRYkLwsIYg=="
    "resolved" "https://registry.npmjs.org/cssom/-/cssom-0.3.8.tgz"
    "version" "0.3.8"
  
  "cssstyle@^2.3.0":
    "integrity" "sha512-AZL67abkUzIuvcHqk7c09cezpGNcxUxU4Ioi/05xHk4DQeTkWmGYftIE6ctU6AEt+Gn4n1lDStOtj7FKycP71A=="
    "resolved" "https://registry.npmjs.org/cssstyle/-/cssstyle-2.3.0.tgz"
    "version" "2.3.0"
    dependencies:
      "cssom" "~0.3.6"
  
  "d3-array@^1.1.1", "d3-array@^1.2.0", "d3-array@1":
    "integrity" "sha512-KHW6M86R+FUPYGb3R5XiYjXPq7VzwxZ22buHhAEVG5ztoEcZZMLov530mmccaqA1GghZArjQV46fuc8kUqhhHw=="
    "resolved" "https://registry.npmjs.org/d3-array/-/d3-array-1.2.4.tgz"
    "version" "1.2.4"
  
  "d3-array@^3.2.0":
    "integrity" "sha512-yEEyEAbDrF8C6Ob2myOBLjwBLck1Z89jMGFee0oPsn95GqjerpaOA4ch+vc2l0FNFFwMD5N7OCSEN5eAlsUbgQ=="
    "resolved" "https://registry.npmjs.org/d3-array/-/d3-array-3.2.2.tgz"
    "version" "3.2.2"
    dependencies:
      "internmap" "1 - 2"
  
  "d3-array@2 - 3", "d3-array@2.10.0 - 3", "d3-array@3":
    "integrity" "sha512-yEEyEAbDrF8C6Ob2myOBLjwBLck1Z89jMGFee0oPsn95GqjerpaOA4ch+vc2l0FNFFwMD5N7OCSEN5eAlsUbgQ=="
    "resolved" "https://registry.npmjs.org/d3-array/-/d3-array-3.2.2.tgz"
    "version" "3.2.2"
    dependencies:
      "internmap" "1 - 2"
  
  "d3-array@2.5.0 - 3":
    "integrity" "sha512-yEEyEAbDrF8C6Ob2myOBLjwBLck1Z89jMGFee0oPsn95GqjerpaOA4ch+vc2l0FNFFwMD5N7OCSEN5eAlsUbgQ=="
    "resolved" "https://registry.npmjs.org/d3-array/-/d3-array-3.2.2.tgz"
    "version" "3.2.2"
    dependencies:
      "internmap" "1 - 2"
  
  "d3-axis@1":
    "integrity" "sha512-ejINPfPSNdGFKEOAtnBtdkpr24c4d4jsei6Lg98mxf424ivoDP2956/5HDpIAtmHo85lqT4pruy+zEgvRUBqaQ=="
    "resolved" "https://registry.npmjs.org/d3-axis/-/d3-axis-1.0.12.tgz"
    "version" "1.0.12"
  
  "d3-axis@3":
    "integrity" "sha512-IH5tgjV4jE/GhHkRV0HiVYPDtvfjHQlQfJHs0usq7M30XcSBvOotpmH1IgkcXsO/5gEQZD43B//fc7SRT5S+xw=="
    "resolved" "https://registry.npmjs.org/d3-axis/-/d3-axis-3.0.0.tgz"
    "version" "3.0.0"
  
  "d3-brush@1":
    "integrity" "sha512-7RW+w7HfMCPyZLifTz/UnJmI5kdkXtpCbombUSs8xniAyo0vIbrDzDwUJB6eJOgl9u5DQOt2TQlYumxzD1SvYA=="
    "resolved" "https://registry.npmjs.org/d3-brush/-/d3-brush-1.1.6.tgz"
    "version" "1.1.6"
    dependencies:
      "d3-dispatch" "1"
      "d3-drag" "1"
      "d3-interpolate" "1"
      "d3-selection" "1"
      "d3-transition" "1"
  
  "d3-brush@3":
    "integrity" "sha512-ALnjWlVYkXsVIGlOsuWH1+3udkYFI48Ljihfnh8FZPF2QS9o+PzGLBslO0PjzVoHLZ2KCVgAM8NVkXPJB2aNnQ=="
    "resolved" "https://registry.npmjs.org/d3-brush/-/d3-brush-3.0.0.tgz"
    "version" "3.0.0"
    dependencies:
      "d3-dispatch" "1 - 3"
      "d3-drag" "2 - 3"
      "d3-interpolate" "1 - 3"
      "d3-selection" "3"
      "d3-transition" "3"
  
  "d3-chord@1":
    "integrity" "sha512-JXA2Dro1Fxw9rJe33Uv+Ckr5IrAa74TlfDEhE/jfLOaXegMQFQTAgAw9WnZL8+HxVBRXaRGCkrNU7pJeylRIuA=="
    "resolved" "https://registry.npmjs.org/d3-chord/-/d3-chord-1.0.6.tgz"
    "version" "1.0.6"
    dependencies:
      "d3-array" "1"
      "d3-path" "1"
  
  "d3-chord@3":
    "integrity" "sha512-VE5S6TNa+j8msksl7HwjxMHDM2yNK3XCkusIlpX5kwauBfXuyLAtNg9jCp/iHH61tgI4sb6R/EIMWCqEIdjT/g=="
    "resolved" "https://registry.npmjs.org/d3-chord/-/d3-chord-3.0.1.tgz"
    "version" "3.0.1"
    dependencies:
      "d3-path" "1 - 3"
  
  "d3-collection@1":
    "integrity" "sha512-ii0/r5f4sjKNTfh84Di+DpztYwqKhEyUlKoPrzUFfeSkWxjW49xU2QzO9qrPrNkpdI0XJkfzvmTu8V2Zylln6A=="
    "resolved" "https://registry.npmjs.org/d3-collection/-/d3-collection-1.0.7.tgz"
    "version" "1.0.7"
  
  "d3-color@1 - 3", "d3-color@3":
    "integrity" "sha512-zg/chbXyeBtMQ1LbD/WSoW2DpC3I0mpmPdW+ynRTj/x2DAWYrIY7qeZIHidozwV24m4iavr15lNwIwLxRmOxhA=="
    "resolved" "https://registry.npmjs.org/d3-color/-/d3-color-3.1.0.tgz"
    "version" "3.1.0"
  
  "d3-color@1":
    "integrity" "sha512-p2sTHSLCJI2QKunbGb7ocOh7DgTAn8IrLx21QRc/BSnodXM4sv6aLQlnfpvehFMLZEfBc6g9pH9SWQccFYfJ9Q=="
    "resolved" "https://registry.npmjs.org/d3-color/-/d3-color-1.4.1.tgz"
    "version" "1.4.1"
  
  "d3-contour@1":
    "integrity" "sha512-hoPp4K/rJCu0ladiH6zmJUEz6+u3lgR+GSm/QdM2BBvDraU39Vr7YdDCicJcxP1z8i9B/2dJLgDC1NcvlF8WCg=="
    "resolved" "https://registry.npmjs.org/d3-contour/-/d3-contour-1.3.2.tgz"
    "version" "1.3.2"
    dependencies:
      "d3-array" "^1.1.1"
  
  "d3-contour@4":
    "integrity" "sha512-4EzFTRIikzs47RGmdxbeUvLWtGedDUNkTcmzoeyg4sP/dvCexO47AaQL7VKy/gul85TOxw+IBgA8US2xwbToNA=="
    "resolved" "https://registry.npmjs.org/d3-contour/-/d3-contour-4.0.2.tgz"
    "version" "4.0.2"
    dependencies:
      "d3-array" "^3.2.0"
  
  "d3-delaunay@6":
    "integrity" "sha512-IMLNldruDQScrcfT+MWnazhHbDJhcRJyOEBAJfwQnHle1RPh6WDuLvxNArUju2VSMSUuKlY5BGHRJ2cYyoFLQQ=="
    "resolved" "https://registry.npmjs.org/d3-delaunay/-/d3-delaunay-6.0.2.tgz"
    "version" "6.0.2"
    dependencies:
      "delaunator" "5"
  
  "d3-dispatch@1 - 3", "d3-dispatch@3":
    "integrity" "sha512-rzUyPU/S7rwUflMyLc1ETDeBj0NRuHKKAcvukozwhshr6g6c5d8zh4c2gQjY2bZ0dXeGLWc1PF174P2tVvKhfg=="
    "resolved" "https://registry.npmjs.org/d3-dispatch/-/d3-dispatch-3.0.1.tgz"
    "version" "3.0.1"
  
  "d3-dispatch@1":
    "integrity" "sha512-fVjoElzjhCEy+Hbn8KygnmMS7Or0a9sI2UzGwoB7cCtvI1XpVN9GpoYlnb3xt2YV66oXYb1fLJ8GMvP4hdU1RA=="
    "resolved" "https://registry.npmjs.org/d3-dispatch/-/d3-dispatch-1.0.6.tgz"
    "version" "1.0.6"
  
  "d3-drag@1":
    "integrity" "sha512-rD1ohlkKQwMZYkQlYVCrSFxsWPzI97+W+PaEIBNTMxRuxz9RF0Hi5nJWHGVJ3Om9d2fRTe1yOBINJyy/ahV95w=="
    "resolved" "https://registry.npmjs.org/d3-drag/-/d3-drag-1.2.5.tgz"
    "version" "1.2.5"
    dependencies:
      "d3-dispatch" "1"
      "d3-selection" "1"
  
  "d3-drag@2 - 3":
    "integrity" "sha512-pWbUJLdETVA8lQNJecMxoXfH6x+mO2UQo8rSmZ+QqxcbyA3hfeprFgIT//HW2nlHChWeIIMwS2Fq+gEARkhTkg=="
    "resolved" "https://registry.npmjs.org/d3-drag/-/d3-drag-3.0.0.tgz"
    "version" "3.0.0"
    dependencies:
      "d3-dispatch" "1 - 3"
      "d3-selection" "3"
  
  "d3-drag@3":
    "integrity" "sha512-pWbUJLdETVA8lQNJecMxoXfH6x+mO2UQo8rSmZ+QqxcbyA3hfeprFgIT//HW2nlHChWeIIMwS2Fq+gEARkhTkg=="
    "resolved" "https://registry.npmjs.org/d3-drag/-/d3-drag-3.0.0.tgz"
    "version" "3.0.0"
    dependencies:
      "d3-dispatch" "1 - 3"
      "d3-selection" "3"
  
  "d3-dsv@1 - 3":
    "integrity" "sha512-UG6OvdI5afDIFP9w4G0mNq50dSOsXHJaRE8arAS5o9ApWnIElp8GZw1Dun8vP8OyHOZ/QJUKUJwxiiCCnUwm+Q=="
    "resolved" "https://registry.npmjs.org/d3-dsv/-/d3-dsv-3.0.1.tgz"
    "version" "3.0.1"
    dependencies:
      "commander" "7"
      "iconv-lite" "0.6"
      "rw" "1"
  
  "d3-dsv@1":
    "integrity" "sha512-9yVlqvZcSOMhCYzniHE7EVUws7Fa1zgw+/EAV2BxJoG3ME19V6BQFBwI855XQDsxyOuG7NibqRMTtiF/Qup46g=="
    "resolved" "https://registry.npmjs.org/d3-dsv/-/d3-dsv-1.2.0.tgz"
    "version" "1.2.0"
    dependencies:
      "commander" "2"
      "iconv-lite" "0.4"
      "rw" "1"
  
  "d3-dsv@3":
    "integrity" "sha512-UG6OvdI5afDIFP9w4G0mNq50dSOsXHJaRE8arAS5o9ApWnIElp8GZw1Dun8vP8OyHOZ/QJUKUJwxiiCCnUwm+Q=="
    "resolved" "https://registry.npmjs.org/d3-dsv/-/d3-dsv-3.0.1.tgz"
    "version" "3.0.1"
    dependencies:
      "commander" "7"
      "iconv-lite" "0.6"
      "rw" "1"
  
  "d3-ease@1 - 3", "d3-ease@3":
    "integrity" "sha512-wR/XK3D3XcLIZwpbvQwQ5fK+8Ykds1ip7A2Txe0yxncXSdq1L9skcG7blcedkOX+ZcgxGAmLX1FrRGbADwzi0w=="
    "resolved" "https://registry.npmjs.org/d3-ease/-/d3-ease-3.0.1.tgz"
    "version" "3.0.1"
  
  "d3-ease@1":
    "integrity" "sha512-lx14ZPYkhNx0s/2HX5sLFUI3mbasHjSSpwO/KaaNACweVwxUruKyWVcb293wMv1RqTPZyZ8kSZ2NogUZNcLOFQ=="
    "resolved" "https://registry.npmjs.org/d3-ease/-/d3-ease-1.0.7.tgz"
    "version" "1.0.7"
  
  "d3-fetch@1":
    "integrity" "sha512-yC78NBVcd2zFAyR/HnUiBS7Lf6inSCoWcSxFfw8FYL7ydiqe80SazNwoffcqOfs95XaLo7yebsmQqDKSsXUtvA=="
    "resolved" "https://registry.npmjs.org/d3-fetch/-/d3-fetch-1.2.0.tgz"
    "version" "1.2.0"
    dependencies:
      "d3-dsv" "1"
  
  "d3-fetch@3":
    "integrity" "sha512-kpkQIM20n3oLVBKGg6oHrUchHM3xODkTzjMoj7aWQFq5QEM+R6E4WkzT5+tojDY7yjez8KgCBRoj4aEr99Fdqw=="
    "resolved" "https://registry.npmjs.org/d3-fetch/-/d3-fetch-3.0.1.tgz"
    "version" "3.0.1"
    dependencies:
      "d3-dsv" "1 - 3"
  
  "d3-force@1":
    "integrity" "sha512-HHvehyaiUlVo5CxBJ0yF/xny4xoaxFxDnBXNvNcfW9adORGZfyNF1dj6DGLKyk4Yh3brP/1h3rnDzdIAwL08zg=="
    "resolved" "https://registry.npmjs.org/d3-force/-/d3-force-1.2.1.tgz"
    "version" "1.2.1"
    dependencies:
      "d3-collection" "1"
      "d3-dispatch" "1"
      "d3-quadtree" "1"
      "d3-timer" "1"
  
  "d3-force@3":
    "integrity" "sha512-zxV/SsA+U4yte8051P4ECydjD/S+qeYtnaIyAs9tgHCqfguma/aAQDjo85A9Z6EKhBirHRJHXIgJUlffT4wdLg=="
    "resolved" "https://registry.npmjs.org/d3-force/-/d3-force-3.0.0.tgz"
    "version" "3.0.0"
    dependencies:
      "d3-dispatch" "1 - 3"
      "d3-quadtree" "1 - 3"
      "d3-timer" "1 - 3"
  
  "d3-format@1 - 3":
    "integrity" "sha512-YyUI6AEuY/Wpt8KWLgZHsIU86atmikuoOmCfommt0LYHiQSPjvX2AcFc38PX0CBpr2RCyZhjex+NS/LPOv6YqA=="
    "resolved" "https://registry.npmjs.org/d3-format/-/d3-format-3.1.0.tgz"
    "version" "3.1.0"
  
  "d3-format@1":
    "integrity" "sha512-J0piedu6Z8iB6TbIGfZgDzfXxUFN3qQRMofy2oPdXzQibYGqPB/9iMcxr/TGalU+2RsyDO+U4f33id8tbnSRMQ=="
    "resolved" "https://registry.npmjs.org/d3-format/-/d3-format-1.4.5.tgz"
    "version" "1.4.5"
  
  "d3-format@3":
    "integrity" "sha512-YyUI6AEuY/Wpt8KWLgZHsIU86atmikuoOmCfommt0LYHiQSPjvX2AcFc38PX0CBpr2RCyZhjex+NS/LPOv6YqA=="
    "resolved" "https://registry.npmjs.org/d3-format/-/d3-format-3.1.0.tgz"
    "version" "3.1.0"
  
  "d3-geo@1":
    "integrity" "sha512-XG4d1c/UJSEX9NfU02KwBL6BYPj8YKHxgBEw5om2ZnTRSbIcego6dhHwcxuSR3clxh0EpE38os1DVPOmnYtTPg=="
    "resolved" "https://registry.npmjs.org/d3-geo/-/d3-geo-1.12.1.tgz"
    "version" "1.12.1"
    dependencies:
      "d3-array" "1"
  
  "d3-geo@3":
    "integrity" "sha512-JEo5HxXDdDYXCaWdwLRt79y7giK8SbhZJbFWXqbRTolCHFI5jRqteLzCsq51NKbUoX0PjBVSohxrx+NoOUujYA=="
    "resolved" "https://registry.npmjs.org/d3-geo/-/d3-geo-3.1.0.tgz"
    "version" "3.1.0"
    dependencies:
      "d3-array" "2.5.0 - 3"
  
  "d3-hierarchy@1":
    "integrity" "sha512-j8tPxlqh1srJHAtxfvOUwKNYJkQuBFdM1+JAUfq6xqH5eAqf93L7oG1NVqDa4CpFZNvnNKtCYEUC8KY9yEn9lQ=="
    "resolved" "https://registry.npmjs.org/d3-hierarchy/-/d3-hierarchy-1.1.9.tgz"
    "version" "1.1.9"
  
  "d3-hierarchy@3":
    "integrity" "sha512-FX/9frcub54beBdugHjDCdikxThEqjnR93Qt7PvQTOHxyiNCAlvMrHhclk3cD5VeAaq9fxmfRp+CnWw9rEMBuA=="
    "resolved" "https://registry.npmjs.org/d3-hierarchy/-/d3-hierarchy-3.1.2.tgz"
    "version" "3.1.2"
  
  "d3-interpolate@1 - 3", "d3-interpolate@3":
    "integrity" "sha512-3bYs1rOD33uo8aqJfKP3JWPAibgw8Zm2+L9vBKEHJ2Rg+viTR7o5Mmv5mZcieN+FRYaAOWX5SJATX6k1PWz72g=="
    "resolved" "https://registry.npmjs.org/d3-interpolate/-/d3-interpolate-3.0.1.tgz"
    "version" "3.0.1"
    dependencies:
      "d3-color" "1 - 3"
  
  "d3-interpolate@1.2.0 - 3":
    "integrity" "sha512-3bYs1rOD33uo8aqJfKP3JWPAibgw8Zm2+L9vBKEHJ2Rg+viTR7o5Mmv5mZcieN+FRYaAOWX5SJATX6k1PWz72g=="
    "resolved" "https://registry.npmjs.org/d3-interpolate/-/d3-interpolate-3.0.1.tgz"
    "version" "3.0.1"
    dependencies:
      "d3-color" "1 - 3"
  
  "d3-interpolate@1":
    "integrity" "sha512-V9znK0zc3jOPV4VD2zZn0sDhZU3WAE2bmlxdIwwQPPzPjvyLkd8B3JUVdS1IDUFDkWZ72c9qnv1GK2ZagTZ8EA=="
    "resolved" "https://registry.npmjs.org/d3-interpolate/-/d3-interpolate-1.4.0.tgz"
    "version" "1.4.0"
    dependencies:
      "d3-color" "1"
  
  "d3-node@^3.0.0":
    "integrity" "sha512-JuuBToljSQBo+KHSuPVOEdKawsxuLDlrB8TZY8AkPkpvyKaGgX+g0ksgjRg+Mgat9fB77qFQrk09j72cD0yk7w=="
    "resolved" "https://registry.npmjs.org/d3-node/-/d3-node-3.0.0.tgz"
    "version" "3.0.0"
    dependencies:
      "d3" "^5.16.0"
      "jsdom" "^16.7.0"
  
  "d3-path@^3.1.0":
    "integrity" "sha512-p3KP5HCf/bvjBSSKuXid6Zqijx7wIfNW+J/maPs+iwR35at5JCbLUT0LzF1cnjbCHWhqzQTIN2Jpe8pRebIEFQ=="
    "resolved" "https://registry.npmjs.org/d3-path/-/d3-path-3.1.0.tgz"
    "version" "3.1.0"
  
  "d3-path@1 - 3":
    "integrity" "sha512-p3KP5HCf/bvjBSSKuXid6Zqijx7wIfNW+J/maPs+iwR35at5JCbLUT0LzF1cnjbCHWhqzQTIN2Jpe8pRebIEFQ=="
    "resolved" "https://registry.npmjs.org/d3-path/-/d3-path-3.1.0.tgz"
    "version" "3.1.0"
  
  "d3-path@1":
    "integrity" "sha512-VLaYcn81dtHVTjEHd8B+pbe9yHWpXKZUC87PzoFmsFrJqgFwDe/qxfp5MlfsfM1V5E/iVt0MmEbWQ7FVIXh/bg=="
    "resolved" "https://registry.npmjs.org/d3-path/-/d3-path-1.0.9.tgz"
    "version" "1.0.9"
  
  "d3-path@3":
    "integrity" "sha512-p3KP5HCf/bvjBSSKuXid6Zqijx7wIfNW+J/maPs+iwR35at5JCbLUT0LzF1cnjbCHWhqzQTIN2Jpe8pRebIEFQ=="
    "resolved" "https://registry.npmjs.org/d3-path/-/d3-path-3.1.0.tgz"
    "version" "3.1.0"
  
  "d3-polygon@1":
    "integrity" "sha512-k+RF7WvI08PC8reEoXa/w2nSg5AUMTi+peBD9cmFc+0ixHfbs4QmxxkarVal1IkVkgxVuk9JSHhJURHiyHKAuQ=="
    "resolved" "https://registry.npmjs.org/d3-polygon/-/d3-polygon-1.0.6.tgz"
    "version" "1.0.6"
  
  "d3-polygon@3":
    "integrity" "sha512-3vbA7vXYwfe1SYhED++fPUQlWSYTTGmFmQiany/gdbiWgU/iEyQzyymwL9SkJjFFuCS4902BSzewVGsHHmHtXg=="
    "resolved" "https://registry.npmjs.org/d3-polygon/-/d3-polygon-3.0.1.tgz"
    "version" "3.0.1"
  
  "d3-quadtree@1 - 3":
    "integrity" "sha512-04xDrxQTDTCFwP5H6hRhsRcb9xxv2RzkcsygFzmkSIOJy3PeRJP7sNk3VRIbKXcog561P9oU0/rVH6vDROAgUw=="
    "resolved" "https://registry.npmjs.org/d3-quadtree/-/d3-quadtree-3.0.1.tgz"
    "version" "3.0.1"
  
  "d3-quadtree@1":
    "integrity" "sha512-RKPAeXnkC59IDGD0Wu5mANy0Q2V28L+fNe65pOCXVdVuTJS3WPKaJlFHer32Rbh9gIo9qMuJXio8ra4+YmIymA=="
    "resolved" "https://registry.npmjs.org/d3-quadtree/-/d3-quadtree-1.0.7.tgz"
    "version" "1.0.7"
  
  "d3-quadtree@3":
    "integrity" "sha512-04xDrxQTDTCFwP5H6hRhsRcb9xxv2RzkcsygFzmkSIOJy3PeRJP7sNk3VRIbKXcog561P9oU0/rVH6vDROAgUw=="
    "resolved" "https://registry.npmjs.org/d3-quadtree/-/d3-quadtree-3.0.1.tgz"
    "version" "3.0.1"
  
  "d3-random@1":
    "integrity" "sha512-6AK5BNpIFqP+cx/sreKzNjWbwZQCSUatxq+pPRmFIQaWuoD+NrbVWw7YWpHiXpCQ/NanKdtGDuB+VQcZDaEmYQ=="
    "resolved" "https://registry.npmjs.org/d3-random/-/d3-random-1.1.2.tgz"
    "version" "1.1.2"
  
  "d3-random@3":
    "integrity" "sha512-FXMe9GfxTxqd5D6jFsQ+DJ8BJS4E/fT5mqqdjovykEB2oFbTMDVdg1MGFxfQW+FBOGoB++k8swBrgwSHT1cUXQ=="
    "resolved" "https://registry.npmjs.org/d3-random/-/d3-random-3.0.1.tgz"
    "version" "3.0.1"
  
  "d3-scale-chromatic@1":
    "integrity" "sha512-ACcL46DYImpRFMBcpk9HhtIyC7bTBR4fNOPxwVSl0LfulDAwyiHyPOTqcDG1+t5d4P9W7t/2NAuWu59aKko/cg=="
    "resolved" "https://registry.npmjs.org/d3-scale-chromatic/-/d3-scale-chromatic-1.5.0.tgz"
    "version" "1.5.0"
    dependencies:
      "d3-color" "1"
      "d3-interpolate" "1"
  
  "d3-scale-chromatic@3":
    "integrity" "sha512-Lx9thtxAKrO2Pq6OO2Ua474opeziKr279P/TKZsMAhYyNDD3EnCffdbgeSYN5O7m2ByQsxtuP2CSDczNUIZ22g=="
    "resolved" "https://registry.npmjs.org/d3-scale-chromatic/-/d3-scale-chromatic-3.0.0.tgz"
    "version" "3.0.0"
    dependencies:
      "d3-color" "1 - 3"
      "d3-interpolate" "1 - 3"
  
  "d3-scale@2":
    "integrity" "sha512-LbeEvGgIb8UMcAa0EATLNX0lelKWGYDQiPdHj+gLblGVhGLyNbaCn3EvrJf0A3Y/uOOU5aD6MTh5ZFCdEwGiCw=="
    "resolved" "https://registry.npmjs.org/d3-scale/-/d3-scale-2.2.2.tgz"
    "version" "2.2.2"
    dependencies:
      "d3-array" "^1.2.0"
      "d3-collection" "1"
      "d3-format" "1"
      "d3-interpolate" "1"
      "d3-time" "1"
      "d3-time-format" "2"
  
  "d3-scale@4":
    "integrity" "sha512-GZW464g1SH7ag3Y7hXjf8RoUuAFIqklOAq3MRl4OaWabTFJY9PN/E1YklhXLh+OQ3fM9yS2nOkCoS+WLZ6kvxQ=="
    "resolved" "https://registry.npmjs.org/d3-scale/-/d3-scale-4.0.2.tgz"
    "version" "4.0.2"
    dependencies:
      "d3-array" "2.10.0 - 3"
      "d3-format" "1 - 3"
      "d3-interpolate" "1.2.0 - 3"
      "d3-time" "2.1.1 - 3"
      "d3-time-format" "2 - 4"
  
  "d3-selection@^1.1.0", "d3-selection@1":
    "integrity" "sha512-SJ0BqYihzOjDnnlfyeHT0e30k0K1+5sR3d5fNueCNeuhZTnGw4M4o8mqJchSwgKMXCNFo+e2VTChiSJ0vYtXkg=="
    "resolved" "https://registry.npmjs.org/d3-selection/-/d3-selection-1.4.2.tgz"
    "version" "1.4.2"
  
  "d3-selection@2 - 3", "d3-selection@3":
    "integrity" "sha512-fmTRWbNMmsmWq6xJV8D19U/gw/bwrHfNXxrIN+HfZgnzqTHp9jOmKMhsTUjXOJnZOdZY9Q28y4yebKzqDKlxlQ=="
    "resolved" "https://registry.npmjs.org/d3-selection/-/d3-selection-3.0.0.tgz"
    "version" "3.0.0"
  
  "d3-shape@1":
    "integrity" "sha512-EUkvKjqPFUAZyOlhY5gzCxCeI0Aep04LwIRpsZ/mLFelJiUfnK56jo5JMDSE7yyP2kLSb6LtF+S5chMk7uqPqw=="
    "resolved" "https://registry.npmjs.org/d3-shape/-/d3-shape-1.3.7.tgz"
    "version" "1.3.7"
    dependencies:
      "d3-path" "1"
  
  "d3-shape@3":
    "integrity" "sha512-SaLBuwGm3MOViRq2ABk3eLoxwZELpH6zhl3FbAoJ7Vm1gofKx6El1Ib5z23NUEhF9AsGl7y+dzLe5Cw2AArGTA=="
    "resolved" "https://registry.npmjs.org/d3-shape/-/d3-shape-3.2.0.tgz"
    "version" "3.2.0"
    dependencies:
      "d3-path" "^3.1.0"
  
  "d3-time-format@2 - 4":
    "integrity" "sha512-dJxPBlzC7NugB2PDLwo9Q8JiTR3M3e4/XANkreKSUxF8vvXKqm1Yfq4Q5dl8budlunRVlUUaDUgFt7eA8D6NLg=="
    "resolved" "https://registry.npmjs.org/d3-time-format/-/d3-time-format-4.1.0.tgz"
    "version" "4.1.0"
    dependencies:
      "d3-time" "1 - 3"
  
  "d3-time-format@2":
    "integrity" "sha512-guv6b2H37s2Uq/GefleCDtbe0XZAuy7Wa49VGkPVPMfLL9qObgBST3lEHJBMUp8S7NdLQAGIvr2KXk8Hc98iKQ=="
    "resolved" "https://registry.npmjs.org/d3-time-format/-/d3-time-format-2.3.0.tgz"
    "version" "2.3.0"
    dependencies:
      "d3-time" "1"
  
  "d3-time-format@4":
    "integrity" "sha512-dJxPBlzC7NugB2PDLwo9Q8JiTR3M3e4/XANkreKSUxF8vvXKqm1Yfq4Q5dl8budlunRVlUUaDUgFt7eA8D6NLg=="
    "resolved" "https://registry.npmjs.org/d3-time-format/-/d3-time-format-4.1.0.tgz"
    "version" "4.1.0"
    dependencies:
      "d3-time" "1 - 3"
  
  "d3-time@1 - 3", "d3-time@2.1.1 - 3", "d3-time@3":
    "integrity" "sha512-VqKjzBLejbSMT4IgbmVgDjpkYrNWUYJnbCGo874u7MMKIWsILRX+OpX/gTk8MqjpT1A/c6HY2dCA77ZN0lkQ2Q=="
    "resolved" "https://registry.npmjs.org/d3-time/-/d3-time-3.1.0.tgz"
    "version" "3.1.0"
    dependencies:
      "d3-array" "2 - 3"
  
  "d3-time@1":
    "integrity" "sha512-Xh0isrZ5rPYYdqhAVk8VLnMEidhz5aP7htAADH6MfzgmmicPkTo8LhkLxci61/lCB7n7UmE3bN0leRt+qvkLxA=="
    "resolved" "https://registry.npmjs.org/d3-time/-/d3-time-1.1.0.tgz"
    "version" "1.1.0"
  
  "d3-timer@1 - 3", "d3-timer@3":
    "integrity" "sha512-ndfJ/JxxMd3nw31uyKoY2naivF+r29V+Lc0svZxe1JvvIRmi8hUsrMvdOwgS1o6uBHmiz91geQ0ylPP0aj1VUA=="
    "resolved" "https://registry.npmjs.org/d3-timer/-/d3-timer-3.0.1.tgz"
    "version" "3.0.1"
  
  "d3-timer@1":
    "integrity" "sha512-B1JDm0XDaQC+uvo4DT79H0XmBskgS3l6Ve+1SBCfxgmtIb1AVrPIoqd+nPSv+loMX8szQ0sVUhGngL7D5QPiXw=="
    "resolved" "https://registry.npmjs.org/d3-timer/-/d3-timer-1.0.10.tgz"
    "version" "1.0.10"
  
  "d3-transition@1":
    "integrity" "sha512-sc0gRU4PFqZ47lPVHloMn9tlPcv8jxgOQg+0zjhfZXMQuvppjG6YuwdMBE0TuqCZjeJkLecku/l9R0JPcRhaDA=="
    "resolved" "https://registry.npmjs.org/d3-transition/-/d3-transition-1.3.2.tgz"
    "version" "1.3.2"
    dependencies:
      "d3-color" "1"
      "d3-dispatch" "1"
      "d3-ease" "1"
      "d3-interpolate" "1"
      "d3-selection" "^1.1.0"
      "d3-timer" "1"
  
  "d3-transition@2 - 3":
    "integrity" "sha512-ApKvfjsSR6tg06xrL434C0WydLr7JewBB3V+/39RMHsaXTOG0zmt/OAXeng5M5LBm0ojmxJrpomQVZ1aPvBL4w=="
    "resolved" "https://registry.npmjs.org/d3-transition/-/d3-transition-3.0.1.tgz"
    "version" "3.0.1"
    dependencies:
      "d3-color" "1 - 3"
      "d3-dispatch" "1 - 3"
      "d3-ease" "1 - 3"
      "d3-interpolate" "1 - 3"
      "d3-timer" "1 - 3"
  
  "d3-transition@3":
    "integrity" "sha512-ApKvfjsSR6tg06xrL434C0WydLr7JewBB3V+/39RMHsaXTOG0zmt/OAXeng5M5LBm0ojmxJrpomQVZ1aPvBL4w=="
    "resolved" "https://registry.npmjs.org/d3-transition/-/d3-transition-3.0.1.tgz"
    "version" "3.0.1"
    dependencies:
      "d3-color" "1 - 3"
      "d3-dispatch" "1 - 3"
      "d3-ease" "1 - 3"
      "d3-interpolate" "1 - 3"
      "d3-timer" "1 - 3"
  
  "d3-voronoi@1":
    "integrity" "sha512-dArJ32hchFsrQ8uMiTBLq256MpnZjeuBtdHpaDlYuQyjU0CVzCJl/BVW+SkszaAeH95D/8gxqAhgx0ouAWAfRg=="
    "resolved" "https://registry.npmjs.org/d3-voronoi/-/d3-voronoi-1.1.4.tgz"
    "version" "1.1.4"
  
  "d3-zoom@1":
    "integrity" "sha512-VoLXTK4wvy1a0JpH2Il+F2CiOhVu7VRXWF5M/LroMIh3/zBAC3WAt7QoIvPibOavVo20hN6/37vwAsdBejLyKQ=="
    "resolved" "https://registry.npmjs.org/d3-zoom/-/d3-zoom-1.8.3.tgz"
    "version" "1.8.3"
    dependencies:
      "d3-dispatch" "1"
      "d3-drag" "1"
      "d3-interpolate" "1"
      "d3-selection" "1"
      "d3-transition" "1"
  
  "d3-zoom@3":
    "integrity" "sha512-b8AmV3kfQaqWAuacbPuNbL6vahnOJflOhexLzMMNLga62+/nh0JzvJ0aO/5a5MVgUFGS7Hu1P9P03o3fJkDCyw=="
    "resolved" "https://registry.npmjs.org/d3-zoom/-/d3-zoom-3.0.0.tgz"
    "version" "3.0.0"
    dependencies:
      "d3-dispatch" "1 - 3"
      "d3-drag" "2 - 3"
      "d3-interpolate" "1 - 3"
      "d3-selection" "2 - 3"
      "d3-transition" "2 - 3"
  
  "d3@^5.16.0":
    "integrity" "sha512-4PL5hHaHwX4m7Zr1UapXW23apo6pexCgdetdJ5kTmADpG/7T9Gkxw0M0tf/pjoB63ezCCm0u5UaFYy2aMt0Mcw=="
    "resolved" "https://registry.npmjs.org/d3/-/d3-5.16.0.tgz"
    "version" "5.16.0"
    dependencies:
      "d3-array" "1"
      "d3-axis" "1"
      "d3-brush" "1"
      "d3-chord" "1"
      "d3-collection" "1"
      "d3-color" "1"
      "d3-contour" "1"
      "d3-dispatch" "1"
      "d3-drag" "1"
      "d3-dsv" "1"
      "d3-ease" "1"
      "d3-fetch" "1"
      "d3-force" "1"
      "d3-format" "1"
      "d3-geo" "1"
      "d3-hierarchy" "1"
      "d3-interpolate" "1"
      "d3-path" "1"
      "d3-polygon" "1"
      "d3-quadtree" "1"
      "d3-random" "1"
      "d3-scale" "2"
      "d3-scale-chromatic" "1"
      "d3-selection" "1"
      "d3-shape" "1"
      "d3-time" "1"
      "d3-time-format" "2"
      "d3-timer" "1"
      "d3-transition" "1"
      "d3-voronoi" "1"
      "d3-zoom" "1"
  
  "d3@^7.8.2":
    "integrity" "sha512-WXty7qOGSHb7HR7CfOzwN1Gw04MUOzN8qh9ZUsvwycIMb4DYMpY9xczZ6jUorGtO6bR9BPMPaueIKwiDxu9uiQ=="
    "resolved" "https://registry.npmjs.org/d3/-/d3-7.8.2.tgz"
    "version" "7.8.2"
    dependencies:
      "d3-array" "3"
      "d3-axis" "3"
      "d3-brush" "3"
      "d3-chord" "3"
      "d3-color" "3"
      "d3-contour" "4"
      "d3-delaunay" "6"
      "d3-dispatch" "3"
      "d3-drag" "3"
      "d3-dsv" "3"
      "d3-ease" "3"
      "d3-fetch" "3"
      "d3-force" "3"
      "d3-format" "3"
      "d3-geo" "3"
      "d3-hierarchy" "3"
      "d3-interpolate" "3"
      "d3-path" "3"
      "d3-polygon" "3"
      "d3-quadtree" "3"
      "d3-random" "3"
      "d3-scale" "4"
      "d3-scale-chromatic" "3"
      "d3-selection" "3"
      "d3-shape" "3"
      "d3-time" "3"
      "d3-time-format" "4"
      "d3-timer" "3"
      "d3-transition" "3"
      "d3-zoom" "3"
  
  "dashdash@^1.12.0":
    "integrity" "sha512-jRFi8UDGo6j+odZiEpjazZaWqEal3w/basFjQHQEwVtZJGDpxbH1MeYluwCS8Xq5wmLJooDlMgvVarmWfGM44g=="
    "resolved" "https://registry.npmjs.org/dashdash/-/dashdash-1.14.1.tgz"
    "version" "1.14.1"
    dependencies:
      "assert-plus" "^1.0.0"
  
  "data-uri-to-buffer@^4.0.0":
    "integrity" "sha512-0R9ikRb668HB7QDxT1vkpuUBtqc53YyAwMwGeUFKRojY/NWKvdZ+9UYtRfGmhqNbRkTSVpMbmyhXipFFv2cb/A=="
    "resolved" "https://registry.npmjs.org/data-uri-to-buffer/-/data-uri-to-buffer-4.0.1.tgz"
    "version" "4.0.1"
  
  "data-urls@^2.0.0":
    "integrity" "sha512-X5eWTSXO/BJmpdIKCRuKUgSCgAN0OwliVK3yPKbwIWU1Tdw5BRajxlzMidvh+gwko9AfQ9zIj52pzF91Q3YAvQ=="
    "resolved" "https://registry.npmjs.org/data-urls/-/data-urls-2.0.0.tgz"
    "version" "2.0.0"
    dependencies:
      "abab" "^2.0.3"
      "whatwg-mimetype" "^2.3.0"
      "whatwg-url" "^8.0.0"
  
  "debug@2.6.9":
    "integrity" "sha512-bC7ElrdJaJnPbAP+1EotYvqZsb3ecl5wi6Bfi6BJTUcNowp6cvspg0jXznRTKDjm/E7AdgFBVeAPVMNcKGsHMA=="
    "resolved" "https://registry.npmjs.org/debug/-/debug-2.6.9.tgz"
    "version" "2.6.9"
    dependencies:
      "ms" "2.0.0"
  
  "debug@4":
    "integrity" "sha512-PRWFHuSU3eDtQJPvnNY7Jcket1j0t5OuOsFzPPzsekD52Zl8qUfFIPEiswXqIvHWGVHOgX+7G/vCNNhehwxfkQ=="
    "resolved" "https://registry.npmjs.org/debug/-/debug-4.3.4.tgz"
    "version" "4.3.4"
    dependencies:
      "ms" "2.1.2"
  
  "decimal.js@^10.2.1":
    "integrity" "sha512-VBBaLc1MgL5XpzgIP7ny5Z6Nx3UrRkIViUkPUdtl9aya5amy3De1gsUUSB1g3+3sExYNjCAsAznmukyxCb1GRA=="
    "resolved" "https://registry.npmjs.org/decimal.js/-/decimal.js-10.4.3.tgz"
    "version" "10.4.3"
  
  "deep-is@~0.1.3":
    "integrity" "sha512-oIPzksmTg4/MriiaYGO+okXDT7ztn/w3Eptv/+gSIdMdKsJo0u4CfYNFJPy+4SKMuCqGw2wxnA+URMg3t8a/bQ=="
    "resolved" "https://registry.npmjs.org/deep-is/-/deep-is-0.1.4.tgz"
    "version" "0.1.4"
  
  "delaunator@5":
    "integrity" "sha512-AyLvtyJdbv/U1GkiS6gUUzclRoAY4Gs75qkMygJJhU75LW4DNuSF2RMzpxs9jw9Oz1BobHjTdkG3zdP55VxAqw=="
    "resolved" "https://registry.npmjs.org/delaunator/-/delaunator-5.0.0.tgz"
    "version" "5.0.0"
    dependencies:
      "robust-predicates" "^3.0.0"
  
  "delayed-stream@~1.0.0":
    "integrity" "sha512-ZySD7Nf91aLB0RxL4KGrKHBXl7Eds1DAmEdcoVawXnLD7SDhpNgtuII2aAkg7a7QS41jxPSZ17p4VdGnMHk3MQ=="
    "resolved" "https://registry.npmjs.org/delayed-stream/-/delayed-stream-1.0.0.tgz"
    "version" "1.0.0"
  
  "depd@2.0.0":
    "integrity" "sha512-g7nH6P6dyDioJogAAGprGpCtVImJhpPk/roCzdb3fIh61/s/nPsfR6onyMwkCAR/OlC3yBC0lESvUoQEAssIrw=="
    "resolved" "https://registry.npmjs.org/depd/-/depd-2.0.0.tgz"
    "version" "2.0.0"
  
  "destroy@1.2.0":
    "integrity" "sha512-2sJGJTaXIIaR1w4iJSNoN0hnMY7Gpc/n8D4qSCJw8QqFWXf7cuAgnEHxBpweaVcPevC2l3KpjYCx3NypQQgaJg=="
    "resolved" "https://registry.npmjs.org/destroy/-/destroy-1.2.0.tgz"
    "version" "1.2.0"
  
  "domexception@^2.0.1":
    "integrity" "sha512-yxJ2mFy/sibVQlu5qHjOkf9J3K6zgmCxgJ94u2EdvDOV09H+32LtRswEcUsmUWN72pVLOEnTSRaIVVzVQgS0dg=="
    "resolved" "https://registry.npmjs.org/domexception/-/domexception-2.0.1.tgz"
    "version" "2.0.1"
    dependencies:
      "webidl-conversions" "^5.0.0"
  
  "ecc-jsbn@~0.1.1":
    "integrity" "sha512-eh9O+hwRHNbG4BLTjEl3nw044CkGm5X6LoaCf7LPp7UU8Qrt47JYNi6nPX8xjW97TKGKm1ouctg0QSpZe9qrnw=="
    "resolved" "https://registry.npmjs.org/ecc-jsbn/-/ecc-jsbn-0.1.2.tgz"
    "version" "0.1.2"
    dependencies:
      "jsbn" "~0.1.0"
      "safer-buffer" "^2.1.0"
  
  "ee-first@1.1.1":
    "integrity" "sha512-WMwm9LhRUo+WUaRN+vRuETqG89IgZphVSNkdFgeb6sS/E4OrDIN7t48CAewSHXc6C8lefD8KKfr5vY61brQlow=="
    "resolved" "https://registry.npmjs.org/ee-first/-/ee-first-1.1.1.tgz"
    "version" "1.1.1"
  
  "encodeurl@~1.0.2":
    "integrity" "sha512-TPJXq8JqFaVYm2CWmPvnP2Iyo4ZSM7/QKcSmuMLDObfpH5fi7RUGmd/rTDf+rut/saiDiQEeVTNgAmJEdAOx0w=="
    "resolved" "https://registry.npmjs.org/encodeurl/-/encodeurl-1.0.2.tgz"
    "version" "1.0.2"
  
  "escape-html@~1.0.3":
    "integrity" "sha512-NiSupZ4OeuGwr68lGIeym/ksIZMJodUGOSCZ/FSnTxcrekbvqrgdUxlJOMpijaKZVjAJrWrGs/6Jy8OMuyj9ow=="
    "resolved" "https://registry.npmjs.org/escape-html/-/escape-html-1.0.3.tgz"
    "version" "1.0.3"
  
  "escodegen@^2.0.0":
    "integrity" "sha512-mmHKys/C8BFUGI+MAWNcSYoORYLMdPzjrknd2Vc+bUsjN5bXcr8EhrNB+UTqfL1y3I9c4fw2ihgtMPQLBRiQxw=="
    "resolved" "https://registry.npmjs.org/escodegen/-/escodegen-2.0.0.tgz"
    "version" "2.0.0"
    dependencies:
      "esprima" "^4.0.1"
      "estraverse" "^5.2.0"
      "esutils" "^2.0.2"
      "optionator" "^0.8.1"
    optionalDependencies:
      "source-map" "~0.6.1"
  
  "esm@^3.2.25":
    "integrity" "sha512-U1suiZ2oDVWv4zPO56S0NcR5QriEahGtdN2OR6FiOG4WJvcjBVFB0qI4+eKoWFH483PKGuLuu6V8Z4T5g63UVA=="
    "resolved" "https://registry.npmjs.org/esm/-/esm-3.2.25.tgz"
    "version" "3.2.25"
  
  "esprima@^4.0.1":
    "integrity" "sha512-eGuFFw7Upda+g4p+QHvnW0RyTX/SVeJBDM/gCtMARO0cLuT2HcEKnTPvhjV6aGeqrCB/sbNop0Kszm0jsaWU4A=="
    "resolved" "https://registry.npmjs.org/esprima/-/esprima-4.0.1.tgz"
    "version" "4.0.1"
  
  "estraverse@^5.2.0":
    "integrity" "sha512-MMdARuVEQziNTeJD8DgMqmhwR11BRQ/cBP+pLtYdSTnf3MIO8fFeiINEbX36ZdNlfU/7A9f3gUw49B3oQsvwBA=="
    "resolved" "https://registry.npmjs.org/estraverse/-/estraverse-5.3.0.tgz"
    "version" "5.3.0"
  
  "esutils@^2.0.2":
    "integrity" "sha512-kVscqXk4OCp68SZ0dkgEKVi6/8ij300KBWTJq32P/dYeWTSwK41WyTxalN1eRmA5Z9UU/LX9D7FWSmV9SAYx6g=="
    "resolved" "https://registry.npmjs.org/esutils/-/esutils-2.0.3.tgz"
    "version" "2.0.3"
  
  "etag@~1.8.1":
    "integrity" "sha512-aIL5Fx7mawVa300al2BnEE4iNvo1qETxLrPI/o05L7z6go7fCw1J6EQmbK4FmJ2AS7kgVF/KEZWufBfdClMcPg=="
    "resolved" "https://registry.npmjs.org/etag/-/etag-1.8.1.tgz"
    "version" "1.8.1"
  
  "express@^4.17.1":
    "integrity" "sha512-5/PsL6iGPdfQ/lKM1UuielYgv3BUoJfz1aUwU9vHZ+J7gyvwdQXFEBIEIaxeGf0GIcreATNyBExtalisDbuMqQ=="
    "resolved" "https://registry.npmjs.org/express/-/express-4.18.2.tgz"
    "version" "4.18.2"
    dependencies:
      "accepts" "~1.3.8"
      "array-flatten" "1.1.1"
      "body-parser" "1.20.1"
      "content-disposition" "0.5.4"
      "content-type" "~1.0.4"
      "cookie" "0.5.0"
      "cookie-signature" "1.0.6"
      "debug" "2.6.9"
      "depd" "2.0.0"
      "encodeurl" "~1.0.2"
      "escape-html" "~1.0.3"
      "etag" "~1.8.1"
      "finalhandler" "1.2.0"
      "fresh" "0.5.2"
      "http-errors" "2.0.0"
      "merge-descriptors" "1.0.1"
      "methods" "~1.1.2"
      "on-finished" "2.4.1"
      "parseurl" "~1.3.3"
      "path-to-regexp" "0.1.7"
      "proxy-addr" "~2.0.7"
      "qs" "6.11.0"
      "range-parser" "~1.2.1"
      "safe-buffer" "5.2.1"
      "send" "0.18.0"
      "serve-static" "1.15.0"
      "setprototypeof" "1.2.0"
      "statuses" "2.0.1"
      "type-is" "~1.6.18"
      "utils-merge" "1.0.1"
      "vary" "~1.1.2"
  
  "extend@~3.0.2":
    "integrity" "sha512-fjquC59cD7CyW6urNXK0FBufkZcoiGG80wTuPujX590cB5Ttln20E2UB4S/WARVqhXffZl2LNgS+gQdPIIim/g=="
    "resolved" "https://registry.npmjs.org/extend/-/extend-3.0.2.tgz"
    "version" "3.0.2"
  
  "extsprintf@^1.2.0":
    "integrity" "sha512-Wrk35e8ydCKDj/ArClo1VrPVmN8zph5V4AtHwIuHhvMXsKf73UT3BOD+azBIW+3wOJ4FhEH7zyaJCFvChjYvMA=="
    "resolved" "https://registry.npmjs.org/extsprintf/-/extsprintf-1.4.1.tgz"
    "version" "1.4.1"
  
  "extsprintf@1.3.0":
    "integrity" "sha512-11Ndz7Nv+mvAC1j0ktTa7fAb0vLyGGX+rMHNBYQviQDGU0Hw7lhctJANqbPhu9nV9/izT/IntTgZ7Im/9LJs9g=="
    "resolved" "https://registry.npmjs.org/extsprintf/-/extsprintf-1.3.0.tgz"
    "version" "1.3.0"
  
  "fast-csv@^4.3.6":
    "integrity" "sha512-2RNSpuwwsJGP0frGsOmTb9oUF+VkFSM4SyLTDgwf2ciHWTarN0lQTC+F2f/t5J9QjW+c65VFIAAu85GsvMIusw=="
    "resolved" "https://registry.npmjs.org/fast-csv/-/fast-csv-4.3.6.tgz"
    "version" "4.3.6"
    dependencies:
      "@fast-csv/format" "4.3.5"
      "@fast-csv/parse" "4.3.6"
  
  "fast-deep-equal@^3.1.1":
    "integrity" "sha512-f3qQ9oQy9j2AhBe/H9VC91wLmKBCCU/gDOnKNAYG5hswO7BLKj09Hc5HYNz9cGI++xlpDCIgDaitVs03ATR84Q=="
    "resolved" "https://registry.npmjs.org/fast-deep-equal/-/fast-deep-equal-3.1.3.tgz"
    "version" "3.1.3"
  
  "fast-json-stable-stringify@^2.0.0":
    "integrity" "sha512-lhd/wF+Lk98HZoTCtlVraHtfh5XYijIjalXck7saUtuanSDyLMxnHhSXEDJqHxD7msR8D0uCmqlkwjCV8xvwHw=="
    "resolved" "https://registry.npmjs.org/fast-json-stable-stringify/-/fast-json-stable-stringify-2.1.0.tgz"
    "version" "2.1.0"
  
  "fast-levenshtein@~2.0.6":
    "integrity" "sha512-DCXu6Ifhqcks7TZKY3Hxp3y6qphY5SJZmrWMDrKcERSOXWQdMhU9Ig/PYrzyw/ul9jOIyh0N4M0tbC5hodg8dw=="
    "resolved" "https://registry.npmjs.org/fast-levenshtein/-/fast-levenshtein-2.0.6.tgz"
    "version" "2.0.6"
  
  "fast-xml-parser@^4.0.15":
    "integrity" "sha512-CDYeykkle1LiA/uqQyNwYpFbyF6Axec6YapmpUP+/RHWIoR1zKjocdvNaTsxCxZzQ6v9MLXaSYm9Qq0thv0DHg=="
    "resolved" "https://registry.npmjs.org/fast-xml-parser/-/fast-xml-parser-4.1.2.tgz"
    "version" "4.1.2"
    dependencies:
      "strnum" "^1.0.5"
  
  "fetch-blob@^3.1.2", "fetch-blob@^3.1.4":
    "integrity" "sha512-7yAQpD2UMJzLi1Dqv7qFYnPbaPx7ZfFK6PiIxQ4PfkGPyNyl2Ugx+a/umUonmKqjhM4DnfbMvdX6otXq83soQQ=="
    "resolved" "https://registry.npmjs.org/fetch-blob/-/fetch-blob-3.2.0.tgz"
    "version" "3.2.0"
    dependencies:
      "node-domexception" "^1.0.0"
      "web-streams-polyfill" "^3.0.3"
  
  "finalhandler@1.2.0":
    "integrity" "sha512-5uXcUVftlQMFnWC9qu/svkWv3GTd2PfUhK/3PLkYNAe7FbqJMt3515HaxE6eRL74GdsriiwujiawdaB1BpEISg=="
    "resolved" "https://registry.npmjs.org/finalhandler/-/finalhandler-1.2.0.tgz"
    "version" "1.2.0"
    dependencies:
      "debug" "2.6.9"
      "encodeurl" "~1.0.2"
      "escape-html" "~1.0.3"
      "on-finished" "2.4.1"
      "parseurl" "~1.3.3"
      "statuses" "2.0.1"
      "unpipe" "~1.0.0"
  
  "follow-redirects@^1.15.0":
    "integrity" "sha512-VQLG33o04KaQ8uYi2tVNbdrWp1QWxNNea+nmIB4EVM28v0hmP17z7aG1+wAkNzVq4KeXTq3221ye5qTJP91JwA=="
    "resolved" "https://registry.npmjs.org/follow-redirects/-/follow-redirects-1.15.2.tgz"
    "version" "1.15.2"
  
  "forever-agent@~0.6.1":
    "integrity" "sha512-j0KLYPhm6zeac4lz3oJ3o65qvgQCcPubiyotZrXqEaG4hNagNYO8qdlUrX5vwqv9ohqeT/Z3j6+yW067yWWdUw=="
    "resolved" "https://registry.npmjs.org/forever-agent/-/forever-agent-0.6.1.tgz"
    "version" "0.6.1"
  
  "form-data@^3.0.0":
    "integrity" "sha512-RHkBKtLWUVwd7SqRIvCZMEvAMoGUp0XU+seQiZejj0COz3RI3hWP4sCv3gZWWLjJTd7rGwcsF5eKZGii0r/hbg=="
    "resolved" "https://registry.npmjs.org/form-data/-/form-data-3.0.1.tgz"
    "version" "3.0.1"
    dependencies:
      "asynckit" "^0.4.0"
      "combined-stream" "^1.0.8"
      "mime-types" "^2.1.12"
  
  "form-data@^4.0.0":
    "integrity" "sha512-ETEklSGi5t0QMZuiXoA/Q6vcnxcLQP5vdugSpuAyi6SVGi2clPPp+xgEhuMaHC+zGgn31Kd235W35f7Hykkaww=="
    "resolved" "https://registry.npmjs.org/form-data/-/form-data-4.0.0.tgz"
    "version" "4.0.0"
    dependencies:
      "asynckit" "^0.4.0"
      "combined-stream" "^1.0.8"
      "mime-types" "^2.1.12"
  
  "form-data@~2.3.2":
    "integrity" "sha512-1lLKB2Mu3aGP1Q/2eCOx0fNbRMe7XdwktwOruhfqqd0rIJWwN4Dh+E3hrPSlDCXnSR7UtZ1N38rVXm+6+MEhJQ=="
    "resolved" "https://registry.npmjs.org/form-data/-/form-data-2.3.3.tgz"
    "version" "2.3.3"
    dependencies:
      "asynckit" "^0.4.0"
      "combined-stream" "^1.0.6"
      "mime-types" "^2.1.12"
  
  "formdata-polyfill@^4.0.10":
    "integrity" "sha512-buewHzMvYL29jdeQTVILecSaZKnt/RJWjoZCF5OW60Z67/GmSLBkOFM7qh1PI3zFNtJbaZL5eQu1vLfazOwj4g=="
    "resolved" "https://registry.npmjs.org/formdata-polyfill/-/formdata-polyfill-4.0.10.tgz"
    "version" "4.0.10"
    dependencies:
      "fetch-blob" "^3.1.2"
  
  "forwarded@0.2.0":
    "integrity" "sha512-buRG0fpBtRHSTCOASe6hD258tEubFoRLb4ZNA6NxMVHNw2gOcwHo9wyablzMzOA5z9xA9L1KNjk/Nt6MT9aYow=="
    "resolved" "https://registry.npmjs.org/forwarded/-/forwarded-0.2.0.tgz"
    "version" "0.2.0"
  
  "fresh@0.5.2":
    "integrity" "sha512-zJ2mQYM18rEFOudeV4GShTGIQ7RbzA7ozbU9I/XBpm7kqgMywgmylMwXHxZJmkVoYkna9d2pVXVXPdYTP9ej8Q=="
    "resolved" "https://registry.npmjs.org/fresh/-/fresh-0.5.2.tgz"
    "version" "0.5.2"
  
  "function-bind@^1.1.1":
    "integrity" "sha512-yIovAzMX49sF8Yl58fSCWJ5svSLuaibPxXQJFLmBObTuCr0Mf1KiPopGM9NiFjiYBCbfaa2Fh6breQ6ANVTI0A=="
    "resolved" "https://registry.npmjs.org/function-bind/-/function-bind-1.1.1.tgz"
    "version" "1.1.1"
  
  "get-intrinsic@^1.0.2":
    "integrity" "sha512-L049y6nFOuom5wGyRc3/gdTLO94dySVKRACj1RmJZBQXlbTMhtNIgkWkUHq+jYmZvKf14EW1EoJnnjbmoHij0Q=="
    "resolved" "https://registry.npmjs.org/get-intrinsic/-/get-intrinsic-1.2.0.tgz"
    "version" "1.2.0"
    dependencies:
      "function-bind" "^1.1.1"
      "has" "^1.0.3"
      "has-symbols" "^1.0.3"
  
  "getpass@^0.1.1":
    "integrity" "sha512-0fzj9JxOLfJ+XGLhR8ze3unN0KZCgZwiSSDz168VERjK8Wl8kVSdcu2kspd4s4wtAa1y/qrVRiAA0WclVsu0ng=="
    "resolved" "https://registry.npmjs.org/getpass/-/getpass-0.1.7.tgz"
    "version" "0.1.7"
    dependencies:
      "assert-plus" "^1.0.0"
  
  "har-schema@^2.0.0":
    "integrity" "sha512-Oqluz6zhGX8cyRaTQlFMPw80bSJVG2x/cFb8ZPhUILGgHka9SsokCCOQgpveePerqidZOrT14ipqfJb7ILcW5Q=="
    "resolved" "https://registry.npmjs.org/har-schema/-/har-schema-2.0.0.tgz"
    "version" "2.0.0"
  
  "har-validator@~5.1.3":
    "integrity" "sha512-nmT2T0lljbxdQZfspsno9hgrG3Uir6Ks5afism62poxqBM6sDnMEuPmzTq8XN0OEwqKLLdh1jQI3qyE66Nzb3w=="
    "resolved" "https://registry.npmjs.org/har-validator/-/har-validator-5.1.5.tgz"
    "version" "5.1.5"
    dependencies:
      "ajv" "^6.12.3"
      "har-schema" "^2.0.0"
  
  "has-symbols@^1.0.3":
    "integrity" "sha512-l3LCuF6MgDNwTDKkdYGEihYjt5pRPbEg46rtlmnSPlUbgmB8LOIrKJbYYFBSbnPaJexMKtiPO8hmeRjRz2Td+A=="
    "resolved" "https://registry.npmjs.org/has-symbols/-/has-symbols-1.0.3.tgz"
    "version" "1.0.3"
  
  "has@^1.0.3":
    "integrity" "sha512-f2dvO0VU6Oej7RkWJGrehjbzMAjFp5/VKPp5tTpWIV4JHHZK1/BxbFRtf/siA2SWTe09caDmVtYYzWEIbBS4zw=="
    "resolved" "https://registry.npmjs.org/has/-/has-1.0.3.tgz"
    "version" "1.0.3"
    dependencies:
      "function-bind" "^1.1.1"
  
  "html-encoding-sniffer@^2.0.1":
    "integrity" "sha512-D5JbOMBIR/TVZkubHT+OyT2705QvogUW4IBn6nHd756OwieSF9aDYFj4dv6HHEVGYbHaLETa3WggZYWWMyy3ZQ=="
    "resolved" "https://registry.npmjs.org/html-encoding-sniffer/-/html-encoding-sniffer-2.0.1.tgz"
    "version" "2.0.1"
    dependencies:
      "whatwg-encoding" "^1.0.5"
  
  "http-errors@2.0.0":
    "integrity" "sha512-FtwrG/euBzaEjYeRqOgly7G0qviiXoJWnvEH2Z1plBdXgbyjv34pHTSb9zoeHMyDy33+DWy5Wt9Wo+TURtOYSQ=="
    "resolved" "https://registry.npmjs.org/http-errors/-/http-errors-2.0.0.tgz"
    "version" "2.0.0"
    dependencies:
      "depd" "2.0.0"
      "inherits" "2.0.4"
      "setprototypeof" "1.2.0"
      "statuses" "2.0.1"
      "toidentifier" "1.0.1"
  
  "http-proxy-agent@^4.0.1":
    "integrity" "sha512-k0zdNgqWTGA6aeIRVpvfVob4fL52dTfaehylg0Y4UvSySvOq/Y+BOyPrgpUrA7HylqvU8vIZGsRuXmspskV0Tg=="
    "resolved" "https://registry.npmjs.org/http-proxy-agent/-/http-proxy-agent-4.0.1.tgz"
    "version" "4.0.1"
    dependencies:
      "@tootallnate/once" "1"
      "agent-base" "6"
      "debug" "4"
  
  "http-signature@~1.2.0":
    "integrity" "sha512-CAbnr6Rz4CYQkLYUtSNXxQPUH2gK8f3iWexVlsnMeD+GjlsQ0Xsy1cOX+mN3dtxYomRy21CiOzU8Uhw6OwncEQ=="
    "resolved" "https://registry.npmjs.org/http-signature/-/http-signature-1.2.0.tgz"
    "version" "1.2.0"
    dependencies:
      "assert-plus" "^1.0.0"
      "jsprim" "^1.2.2"
      "sshpk" "^1.7.0"
  
  "https-proxy-agent@^5.0.0":
    "integrity" "sha512-dFcAjpTQFgoLMzC2VwU+C/CbS7uRL0lWmxDITmqm7C+7F0Odmj6s9l6alZc6AELXhrnggM2CeWSXHGOdX2YtwA=="
    "resolved" "https://registry.npmjs.org/https-proxy-agent/-/https-proxy-agent-5.0.1.tgz"
    "version" "5.0.1"
    dependencies:
      "agent-base" "6"
      "debug" "4"
  
  "iconv-lite@0.4", "iconv-lite@0.4.24":
    "integrity" "sha512-v3MXnZAcvnywkTUEZomIActle7RXXeedOR31wwl7VlyoXO4Qi9arvSenNQWne1TcRwhCL1HwLI21bEqdpj8/rA=="
    "resolved" "https://registry.npmjs.org/iconv-lite/-/iconv-lite-0.4.24.tgz"
    "version" "0.4.24"
    dependencies:
      "safer-buffer" ">= 2.1.2 < 3"
  
  "iconv-lite@0.6":
    "integrity" "sha512-4fCk79wshMdzMp2rH06qWrJE4iolqLhCUH+OiuIgU++RB0+94NlDL81atO7GX55uUKueo0txHNtvEyI6D7WdMw=="
    "resolved" "https://registry.npmjs.org/iconv-lite/-/iconv-lite-0.6.3.tgz"
    "version" "0.6.3"
    dependencies:
      "safer-buffer" ">= 2.1.2 < 3.0.0"
  
  "immediate@~3.0.5":
    "integrity" "sha512-XXOFtyqDjNDAQxVfYxuF7g9Il/IbWmmlQg2MYKOH8ExIT1qg6xc4zyS3HaEEATgs1btfzxq15ciUiY7gjSXRGQ=="
    "resolved" "https://registry.npmjs.org/immediate/-/immediate-3.0.6.tgz"
    "version" "3.0.6"
  
  "inherits@~2.0.1", "inherits@2.0.4":
    "integrity" "sha512-k/vGaX4/Yla3WzyMCvTQOXYeIHvqOKtnqBduzTHpzpQZzAskKMhZ2K+EnBiSM9zGSoIFeMpXKxa4dYeZIQqewQ=="
    "resolved" "https://registry.npmjs.org/inherits/-/inherits-2.0.4.tgz"
    "version" "2.0.4"
  
  "internmap@1 - 2":
    "integrity" "sha512-5Hh7Y1wQbvY5ooGgPbDaL5iYLAPzMTUrjMulskHLH6wnv/A+1q5rgEaiuqEjB+oxGXIVZs1FF+R/KPN3ZSQYYg=="
    "resolved" "https://registry.npmjs.org/internmap/-/internmap-2.0.3.tgz"
    "version" "2.0.3"
  
  "ipaddr.js@1.9.1":
    "integrity" "sha512-0KI/607xoxSToH7GjN1FfSbLoU0+btTicjsQSWQlh/hZykN8KpmMf7uYwPW3R+akZ6R/w18ZlXSHBYXiYUPO3g=="
    "resolved" "https://registry.npmjs.org/ipaddr.js/-/ipaddr.js-1.9.1.tgz"
    "version" "1.9.1"
  
  "is-potential-custom-element-name@^1.0.1":
    "integrity" "sha512-bCYeRA2rVibKZd+s2625gGnGF/t7DSqDs4dP7CrLA1m7jKWz6pps0LpYLJN8Q64HtmPKJ1hrN3nzPNKFEKOUiQ=="
    "resolved" "https://registry.npmjs.org/is-potential-custom-element-name/-/is-potential-custom-element-name-1.0.1.tgz"
    "version" "1.0.1"
  
  "is-typedarray@~1.0.0":
    "integrity" "sha512-cyA56iCMHAh5CdzjJIa4aohJyeO1YbwLi3Jc35MmRU6poroFjIGZzUzupGiRPOjgHg9TLu43xbpwXk523fMxKA=="
    "resolved" "https://registry.npmjs.org/is-typedarray/-/is-typedarray-1.0.0.tgz"
    "version" "1.0.0"
  
  "isarray@~1.0.0":
    "integrity" "sha512-VLghIWNM6ELQzo7zwmcg0NmTVyWKYjvIeM83yjp0wRDTmUnrM678fQbcKBo6n2CJEF0szoG//ytg+TKla89ALQ=="
    "resolved" "https://registry.npmjs.org/isarray/-/isarray-1.0.0.tgz"
    "version" "1.0.0"
  
  "isstream@~0.1.2":
    "integrity" "sha512-Yljz7ffyPbrLpLngrMtZ7NduUgVvi6wG9RJ9IUcyCd59YQ911PBJphODUcbOVbqYfxe1wuYf/LJ8PauMRwsM/g=="
    "resolved" "https://registry.npmjs.org/isstream/-/isstream-0.1.2.tgz"
    "version" "0.1.2"
  
  "jsbn@~0.1.0":
    "integrity" "sha512-UVU9dibq2JcFWxQPA6KCqj5O42VOmAY3zQUfEKxU0KpTGXwNoCjkX1e13eHNvw/xPynt6pU0rZ1htjWTNTSXsg=="
    "resolved" "https://registry.npmjs.org/jsbn/-/jsbn-0.1.1.tgz"
    "version" "0.1.1"
  
  "jsdom@^16.7.0":
    "integrity" "sha512-u9Smc2G1USStM+s/x1ru5Sxrl6mPYCbByG1U/hUmqaVsm4tbNyS7CicOSRyuGQYZhTu0h84qkZZQ/I+dzizSVw=="
    "resolved" "https://registry.npmjs.org/jsdom/-/jsdom-16.7.0.tgz"
    "version" "16.7.0"
    dependencies:
      "abab" "^2.0.5"
      "acorn" "^8.2.4"
      "acorn-globals" "^6.0.0"
      "cssom" "^0.4.4"
      "cssstyle" "^2.3.0"
      "data-urls" "^2.0.0"
      "decimal.js" "^10.2.1"
      "domexception" "^2.0.1"
      "escodegen" "^2.0.0"
      "form-data" "^3.0.0"
      "html-encoding-sniffer" "^2.0.1"
      "http-proxy-agent" "^4.0.1"
      "https-proxy-agent" "^5.0.0"
      "is-potential-custom-element-name" "^1.0.1"
      "nwsapi" "^2.2.0"
      "parse5" "6.0.1"
      "saxes" "^5.0.1"
      "symbol-tree" "^3.2.4"
      "tough-cookie" "^4.0.0"
      "w3c-hr-time" "^1.0.2"
      "w3c-xmlserializer" "^2.0.0"
      "webidl-conversions" "^6.1.0"
      "whatwg-encoding" "^1.0.5"
      "whatwg-mimetype" "^2.3.0"
      "whatwg-url" "^8.5.0"
      "ws" "^7.4.6"
      "xml-name-validator" "^3.0.0"
  
  "json-schema-traverse@^0.4.1":
    "integrity" "sha512-xbbCH5dCYU5T8LcEhhuh7HJ88HXuW3qsI3Y0zOZFKfZEHcpWiHU/Jxzk629Brsab/mMiHQti9wMP+845RPe3Vg=="
    "resolved" "https://registry.npmjs.org/json-schema-traverse/-/json-schema-traverse-0.4.1.tgz"
    "version" "0.4.1"
  
  "json-schema@0.4.0":
    "integrity" "sha512-es94M3nTIfsEPisRafak+HDLfHXnKBhV3vU5eqPcS3flIWqcxJWgXHXiey3YrpaNsanY5ei1VoYEbOzijuq9BA=="
    "resolved" "https://registry.npmjs.org/json-schema/-/json-schema-0.4.0.tgz"
    "version" "0.4.0"
  
  "json-stringify-safe@~5.0.1":
    "integrity" "sha512-ZClg6AaYvamvYEE82d3Iyd3vSSIjQ+odgjaTzRuO3s7toCdFKczob2i0zCh7JE8kWn17yvAWhUVxvqGwUalsRA=="
    "resolved" "https://registry.npmjs.org/json-stringify-safe/-/json-stringify-safe-5.0.1.tgz"
    "version" "5.0.1"
  
  "jsprim@^1.2.2":
    "integrity" "sha512-P2bSOMAc/ciLz6DzgjVlGJP9+BrJWu5UDGK70C2iweC5QBIeFf0ZXRvGjEj2uYgrY2MkAAhsSWHDWlFtEroZWw=="
    "resolved" "https://registry.npmjs.org/jsprim/-/jsprim-1.4.2.tgz"
    "version" "1.4.2"
    dependencies:
      "assert-plus" "1.0.0"
      "extsprintf" "1.3.0"
      "json-schema" "0.4.0"
      "verror" "1.10.0"
  
  "levn@~0.3.0":
    "integrity" "sha512-0OO4y2iOHix2W6ujICbKIaEQXvFQHue65vUG3pb5EUomzPI90z9hsA1VsO/dbIIpC53J8gxM9Q4Oho0jrCM/yA=="
    "resolved" "https://registry.npmjs.org/levn/-/levn-0.3.0.tgz"
    "version" "0.3.0"
    dependencies:
      "prelude-ls" "~1.1.2"
      "type-check" "~0.3.2"
  
  "lie@3.1.1":
    "integrity" "sha512-RiNhHysUjhrDQntfYSfY4MU24coXXdEOgw9WGcKHNeEwffDYbF//u87M1EWaMGzuFoSbqW0C9C6lEEhDOAswfw=="
    "resolved" "https://registry.npmjs.org/lie/-/lie-3.1.1.tgz"
    "version" "3.1.1"
    dependencies:
      "immediate" "~3.0.5"
  
  "localforage@^1.3.0":
    "integrity" "sha512-14/H1aX7hzBBmmh7sGPd+AOMkkIrHM3Z1PAyGgZigA1H1p5O5ANnMyWzvpAETtG68/dC4pC0ncy3+PPGzXZHPg=="
    "resolved" "https://registry.npmjs.org/localforage/-/localforage-1.10.0.tgz"
    "version" "1.10.0"
    dependencies:
      "lie" "3.1.1"
  
  "lodash.escaperegexp@^4.1.2":
    "integrity" "sha512-TM9YBvyC84ZxE3rgfefxUWiQKLilstD6k7PTGt6wfbtXF8ixIJLOL3VYyV/z+ZiPLsVxAsKAFVwWlWeb2Y8Yyw=="
    "resolved" "https://registry.npmjs.org/lodash.escaperegexp/-/lodash.escaperegexp-4.1.2.tgz"
    "version" "4.1.2"
  
  "lodash.groupby@^4.6.0":
    "integrity" "sha512-5dcWxm23+VAoz+awKmBaiBvzox8+RqMgFhi7UvX9DHZr2HdxHXM/Wrf8cfKpsW37RNrvtPn6hSwNqurSILbmJw=="
    "resolved" "https://registry.npmjs.org/lodash.groupby/-/lodash.groupby-4.6.0.tgz"
    "version" "4.6.0"
  
  "lodash.isboolean@^3.0.3":
    "integrity" "sha512-Bz5mupy2SVbPHURB98VAcw+aHh4vRV5IPNhILUCsOzRmsTmSQ17jIuqopAentWoehktxGd9e/hbIXq980/1QJg=="
    "resolved" "https://registry.npmjs.org/lodash.isboolean/-/lodash.isboolean-3.0.3.tgz"
    "version" "3.0.3"
  
  "lodash.isequal@^4.5.0":
    "integrity" "sha512-pDo3lu8Jhfjqls6GkMgpahsF9kCyayhgykjyLMNFTKWrpVdAQtYyB4muAMWozBB4ig/dtWAmsMxLEI8wuz+DYQ=="
    "resolved" "https://registry.npmjs.org/lodash.isequal/-/lodash.isequal-4.5.0.tgz"
    "version" "4.5.0"
  
  "lodash.isfunction@^3.0.9":
    "integrity" "sha512-AirXNj15uRIMMPihnkInB4i3NHeb4iBtNg9WRWuK2o31S+ePwwNmDPaTL3o7dTJ+VXNZim7rFs4rxN4YU1oUJw=="
    "resolved" "https://registry.npmjs.org/lodash.isfunction/-/lodash.isfunction-3.0.9.tgz"
    "version" "3.0.9"
  
  "lodash.isnil@^4.0.0":
    "integrity" "sha512-up2Mzq3545mwVnMhTDMdfoG1OurpA/s5t88JmQX809eH3C8491iu2sfKhTfhQtKY78oPNhiaHJUpT/dUDAAtng=="
    "resolved" "https://registry.npmjs.org/lodash.isnil/-/lodash.isnil-4.0.0.tgz"
    "version" "4.0.0"
  
  "lodash.isundefined@^3.0.1":
    "integrity" "sha512-MXB1is3s899/cD8jheYYE2V9qTHwKvt+npCwpD+1Sxm3Q3cECXCiYHjeHWXNwr6Q0SOBPrYUDxendrO6goVTEA=="
    "resolved" "https://registry.npmjs.org/lodash.isundefined/-/lodash.isundefined-3.0.1.tgz"
    "version" "3.0.1"
  
  "lodash.uniq@^4.5.0":
    "integrity" "sha512-xfBaXQd9ryd9dlSDvnvI0lvxfLJlYAZzXomUYzLKtUeOQvOP5piqAWuGtrhWeqaXK9hhoM/iyJc5AV+XfsX3HQ=="
    "resolved" "https://registry.npmjs.org/lodash.uniq/-/lodash.uniq-4.5.0.tgz"
    "version" "4.5.0"
  
  "lodash@^4.7.0":
    "integrity" "sha512-v2kDEe57lecTulaDIuNTPy3Ry4gLGJ6Z1O3vE1krgXZNrsQ+LFTGHVxVjcXPs17LhbZVGedAJv8XZ1tvj5FvSg=="
    "resolved" "https://registry.npmjs.org/lodash/-/lodash-4.17.21.tgz"
    "version" "4.17.21"
  
  "media-typer@0.3.0":
    "integrity" "sha512-dq+qelQ9akHpcOl/gUVRTxVIOkAJ1wR3QAvb4RsVjS8oVoFjDGTc679wJYmUmknUF5HwMLOgb5O+a3KxfWapPQ=="
    "resolved" "https://registry.npmjs.org/media-typer/-/media-typer-0.3.0.tgz"
    "version" "0.3.0"
  
  "merge-descriptors@1.0.1":
    "integrity" "sha512-cCi6g3/Zr1iqQi6ySbseM1Xvooa98N0w31jzUYrXPX2xqObmFGHJ0tQ5u74H3mVh7wLouTseZyYIq39g8cNp1w=="
    "resolved" "https://registry.npmjs.org/merge-descriptors/-/merge-descriptors-1.0.1.tgz"
    "version" "1.0.1"
  
  "methods@~1.1.2":
    "integrity" "sha512-iclAHeNqNm68zFtnZ0e+1L2yUIdvzNoauKU4WBA3VvH/vPFieF7qfRlwUZU+DA9P9bPXIS90ulxoUoCH23sV2w=="
    "resolved" "https://registry.npmjs.org/methods/-/methods-1.1.2.tgz"
    "version" "1.1.2"
  
  "mime-db@1.52.0":
    "integrity" "sha512-sPU4uV7dYlvtWJxwwxHD0PuihVNiE7TyAbQ5SWxDCB9mUYvOgroQOwYQQOKPJ8CIbE+1ETVlOoK1UC2nU3gYvg=="
    "resolved" "https://registry.npmjs.org/mime-db/-/mime-db-1.52.0.tgz"
    "version" "1.52.0"
  
  "mime-types@^2.1.12", "mime-types@~2.1.19", "mime-types@~2.1.24", "mime-types@~2.1.34":
    "integrity" "sha512-ZDY+bPm5zTTF+YpCrAU9nK0UgICYPT0QtT1NZWFv4s++TNkcgVaT0g6+4R2uI4MjQjzysHB1zxuWL50hzaeXiw=="
    "resolved" "https://registry.npmjs.org/mime-types/-/mime-types-2.1.35.tgz"
    "version" "2.1.35"
    dependencies:
      "mime-db" "1.52.0"
  
  "mime@1.6.0":
    "integrity" "sha512-x0Vn8spI+wuJ1O6S7gnbaQg8Pxh4NNHb7KSINmEWKiPE4RKOplvijn+NkmYmmRgP68mc70j2EbeTFRsrswaQeg=="
    "resolved" "https://registry.npmjs.org/mime/-/mime-1.6.0.tgz"
    "version" "1.6.0"
  
  "minimist@^1.2.6":
    "integrity" "sha512-2yyAR8qBkN3YuheJanUpWC5U3bb5osDywNB8RzDVlDwDHbocAJveqqj1u8+SVD7jkWT4yvsHCpWqqWqAxb0zCA=="
    "resolved" "https://registry.npmjs.org/minimist/-/minimist-1.2.8.tgz"
    "version" "1.2.8"
  
  "minimist@1.2.0":
    "integrity" "sha512-7Wl+Jz+IGWuSdgsQEJ4JunV0si/iMhg42MnQQG6h1R6TNeVenp4U9x5CC5v/gYqz/fENLQITAWXidNtVL0NNbw=="
    "resolved" "https://registry.npmjs.org/minimist/-/minimist-1.2.0.tgz"
    "version" "1.2.0"
  
  "mkdirp@~0.5.1":
    "integrity" "sha512-FP+p8RB8OWpF3YZBCrP5gtADmtXApB5AMLn+vdyA+PyxCjrCs00mjyUozssO33cwDeT3wNGdLxJ5M//YqtHAJw=="
    "resolved" "https://registry.npmjs.org/mkdirp/-/mkdirp-0.5.6.tgz"
    "version" "0.5.6"
    dependencies:
      "minimist" "^1.2.6"
  
  "ms@2.0.0":
    "integrity" "sha512-Tpp60P6IUJDTuOq/5Z8cdskzJujfwqfOTkrwIwj7IRISpnkJnT6SyJ4PCPnGMoFjC9ddhal5KVIYtAt97ix05A=="
    "resolved" "https://registry.npmjs.org/ms/-/ms-2.0.0.tgz"
    "version" "2.0.0"
  
  "ms@2.1.2":
    "integrity" "sha512-sGkPx+VjMtmA6MX27oA4FBFELFCZZ4S4XqeGOXCv68tT+jb3vk/RyaKWP0PTKyWtmLSM0b+adUTEvbs1PEaH2w=="
    "resolved" "https://registry.npmjs.org/ms/-/ms-2.1.2.tgz"
    "version" "2.1.2"
  
  "ms@2.1.3":
    "integrity" "sha512-6FlzubTLZG3J2a/NVCAleEhjzq5oxgHyaCU9yYXvcLsvoVaHJq/s5xXI6/XXP6tz7R9xAOtHnSO/tXtF3WRTlA=="
    "resolved" "https://registry.npmjs.org/ms/-/ms-2.1.3.tgz"
    "version" "2.1.3"
  
  "nedb@^1.8.0":
    "integrity" "sha512-ip7BJdyb5m+86ZbSb4y10FCCW9g35+U8bDRrZlAfCI6m4dKwEsQ5M52grcDcVK4Vm/vnPlDLywkyo3GliEkb5A=="
    "resolved" "https://registry.npmjs.org/nedb/-/nedb-1.8.0.tgz"
    "version" "1.8.0"
    dependencies:
      "async" "0.2.10"
      "binary-search-tree" "0.2.5"
      "localforage" "^1.3.0"
      "mkdirp" "~0.5.1"
      "underscore" "~1.4.4"
  
  "negotiator@0.6.3":
    "integrity" "sha512-+EUsqGPLsM+j/zdChZjsnX51g4XrHFOIXwfnCVPGlQk/k5giakcKsuxCObBRu6DSm9opw/O6slWbJdghQM4bBg=="
    "resolved" "https://registry.npmjs.org/negotiator/-/negotiator-0.6.3.tgz"
    "version" "0.6.3"
  
  "node-domexception@^1.0.0":
    "integrity" "sha512-/jKZoMpw0F8GRwl4/eLROPA3cfcXtLApP0QzLmUT/HuPCZWyB7IY9ZrMeKw2O/nFIqPQB3PVM9aYm0F312AXDQ=="
    "resolved" "https://registry.npmjs.org/node-domexception/-/node-domexception-1.0.0.tgz"
    "version" "1.0.0"
  
  "node-fetch@^3.3.0":
    "integrity" "sha512-BKwRP/O0UvoMKp7GNdwPlObhYGB5DQqwhEDQlNKuoqwVYSxkSZCSbHjnFFmUEtwSKRPU4kNK8PbDYYitwaE3QA=="
    "resolved" "https://registry.npmjs.org/node-fetch/-/node-fetch-3.3.0.tgz"
    "version" "3.3.0"
    dependencies:
      "data-uri-to-buffer" "^4.0.0"
      "fetch-blob" "^3.1.4"
      "formdata-polyfill" "^4.0.10"
  
  "nwsapi@^2.2.0":
    "integrity" "sha512-90yv+6538zuvUMnN+zCr8LuV6bPFdq50304114vJYJ8RDyK8D5O9Phpbd6SZWgI7PwzmmfN1upeOJlvybDSgCw=="
    "resolved" "https://registry.npmjs.org/nwsapi/-/nwsapi-2.2.2.tgz"
    "version" "2.2.2"
  
  "oauth-sign@~0.9.0":
    "integrity" "sha512-fexhUFFPTGV8ybAtSIGbV6gOkSv8UtRbDBnAyLQw4QPKkgNlsH2ByPGtMUqdWkos6YCRmAqViwgZrJc/mRDzZQ=="
    "resolved" "https://registry.npmjs.org/oauth-sign/-/oauth-sign-0.9.0.tgz"
    "version" "0.9.0"
  
  "object-inspect@^1.9.0":
    "integrity" "sha512-geUvdk7c+eizMNUDkRpW1wJwgfOiOeHbxBR/hLXK1aT6zmVSO0jsQcs7fj6MGw89jC/cjGfLcNOrtMYtGqm81g=="
    "resolved" "https://registry.npmjs.org/object-inspect/-/object-inspect-1.12.3.tgz"
    "version" "1.12.3"
  
  "on-finished@2.4.1":
    "integrity" "sha512-oVlzkg3ENAhCk2zdv7IJwd/QUD4z2RxRwpkcGY8psCVcCYZNq4wYnVWALHM+brtuJjePWiYF/ClmuDr8Ch5+kg=="
    "resolved" "https://registry.npmjs.org/on-finished/-/on-finished-2.4.1.tgz"
    "version" "2.4.1"
    dependencies:
      "ee-first" "1.1.1"
  
  "optionator@^0.8.1":
    "integrity" "sha512-+IW9pACdk3XWmmTXG8m3upGUJst5XRGzxMRjXzAuJ1XnIFNvfhjjIuYkDvysnPQ7qzqVzLt78BCruntqRhWQbA=="
    "resolved" "https://registry.npmjs.org/optionator/-/optionator-0.8.3.tgz"
    "version" "0.8.3"
    dependencies:
      "deep-is" "~0.1.3"
      "fast-levenshtein" "~2.0.6"
      "levn" "~0.3.0"
      "prelude-ls" "~1.1.2"
      "type-check" "~0.3.2"
      "word-wrap" "~1.2.3"
  
  "parse-kml@^1.0.1":
    "integrity" "sha512-41ObzLy67PWYONNeZq/VIYusRvz5XDXD5ocBGKfyznUZLqMvET+gByKd8AhZtEdg8l6Gdqf8fOtXdXoH1CGbiQ=="
    "resolved" "https://registry.npmjs.org/parse-kml/-/parse-kml-1.0.1.tgz"
    "version" "1.0.1"
    dependencies:
      "request" "^2.88.0"
      "togeojson" "^0.16.0"
      "xmldom" "^0.1.27"
  
  "parse5@6.0.1":
    "integrity" "sha512-Ofn/CTFzRGTTxwpNEs9PP93gXShHcTq255nzRYSKe8AkVpZY7e1fpmTfOyoIvjP5HG7Z2ZM7VS9PPhQGW2pOpw=="
    "resolved" "https://registry.npmjs.org/parse5/-/parse5-6.0.1.tgz"
    "version" "6.0.1"
  
  "parseurl@~1.3.3":
    "integrity" "sha512-CiyeOxFT/JZyN5m0z9PfXw4SCBJ6Sygz1Dpl0wqjlhDEGGBP1GnsUVEL0p63hoG1fcj3fHynXi9NYO4nWOL+qQ=="
    "resolved" "https://registry.npmjs.org/parseurl/-/parseurl-1.3.3.tgz"
    "version" "1.3.3"
  
  "path-to-regexp@0.1.7":
    "integrity" "sha512-5DFkuoqlv1uYQKxy8omFBeJPQcdoE07Kv2sferDCrAq1ohOU+MSDswDIbnx3YAM60qIOnYa53wBhXW0EbMonrQ=="
    "resolved" "https://registry.npmjs.org/path-to-regexp/-/path-to-regexp-0.1.7.tgz"
    "version" "0.1.7"
  
  "performance-now@^2.1.0":
    "integrity" "sha512-7EAHlyLHI56VEIdK57uwHdHKIaAGbnXPiw0yWbarQZOKaKpvUIgW0jWRVLiatnM+XXlSwsanIBH/hzGMJulMow=="
    "resolved" "https://registry.npmjs.org/performance-now/-/performance-now-2.1.0.tgz"
    "version" "2.1.0"
  
  "prelude-ls@~1.1.2":
    "integrity" "sha512-ESF23V4SKG6lVSGZgYNpbsiaAkdab6ZgOxe52p7+Kid3W3u3bxR4Vfd/o21dmN7jSt0IwgZ4v5MUd26FEtXE9w=="
    "resolved" "https://registry.npmjs.org/prelude-ls/-/prelude-ls-1.1.2.tgz"
    "version" "1.1.2"
  
  "process-nextick-args@~1.0.6":
    "integrity" "sha512-yN0WQmuCX63LP/TMvAg31nvT6m4vDqJEiiv2CAZqWOGNWutc9DfDk1NPYYmKUFmaVM2UwDowH4u5AHWYP/jxKw=="
    "resolved" "https://registry.npmjs.org/process-nextick-args/-/process-nextick-args-1.0.7.tgz"
    "version" "1.0.7"
  
  "proxy-addr@~2.0.7":
    "integrity" "sha512-llQsMLSUDUPT44jdrU/O37qlnifitDP+ZwrmmZcoSKyLKvtZxpyV0n2/bD/N4tBAAZ/gJEdZU7KMraoK1+XYAg=="
    "resolved" "https://registry.npmjs.org/proxy-addr/-/proxy-addr-2.0.7.tgz"
    "version" "2.0.7"
    dependencies:
      "forwarded" "0.2.0"
      "ipaddr.js" "1.9.1"
  
  "proxy-from-env@^1.1.0":
    "integrity" "sha512-D+zkORCbA9f1tdWRK0RaCR3GPv50cMxcrz4X8k5LTSUD1Dkw47mKJEZQNunItRTkWwgtaUSo1RVFRIG9ZXiFYg=="
    "resolved" "https://registry.npmjs.org/proxy-from-env/-/proxy-from-env-1.1.0.tgz"
    "version" "1.1.0"
  
  "psl@^1.1.28", "psl@^1.1.33":
    "integrity" "sha512-E/ZsdU4HLs/68gYzgGTkMicWTLPdAftJLfJFlLUAAKZGkStNU72sZjT66SnMDVOfOWY/YAoiD7Jxa9iHvngcag=="
    "resolved" "https://registry.npmjs.org/psl/-/psl-1.9.0.tgz"
    "version" "1.9.0"
  
  "punycode@^2.1.0", "punycode@^2.1.1":
    "integrity" "sha512-rRV+zQD8tVFys26lAGR9WUuS4iUAngJScM+ZRSKtvl5tKeZ2t5bvdNFdNHBW9FWR4guGHlgmsZ1G7BSm2wTbuA=="
    "resolved" "https://registry.npmjs.org/punycode/-/punycode-2.3.0.tgz"
    "version" "2.3.0"
  
  "qs@~6.5.2":
    "integrity" "sha512-qxXIEh4pCGfHICj1mAJQ2/2XVZkjCDTcEgfoSQxc/fYivUZxTkk7L3bDBJSoNrEzXI17oUO5Dp07ktqE5KzczA=="
    "resolved" "https://registry.npmjs.org/qs/-/qs-6.5.3.tgz"
    "version" "6.5.3"
  
  "qs@6.11.0":
    "integrity" "sha512-MvjoMCJwEarSbUYk5O+nmoSzSutSsTwF85zcHPQ9OrlFoZOYIjaqBAJIqIXjptyD5vThxGq52Xu/MaJzRkIk4Q=="
    "resolved" "https://registry.npmjs.org/qs/-/qs-6.11.0.tgz"
    "version" "6.11.0"
    dependencies:
      "side-channel" "^1.0.4"
  
  "querystringify@^2.1.1":
    "integrity" "sha512-FIqgj2EUvTa7R50u0rGsyTftzjYmv/a3hO345bZNrqabNqjtgiDMgmo4mkUjd+nzU5oF3dClKqFIPUKybUyqoQ=="
    "resolved" "https://registry.npmjs.org/querystringify/-/querystringify-2.2.0.tgz"
    "version" "2.2.0"
  
  "range-parser@~1.2.1":
    "integrity" "sha512-Hrgsx+orqoygnmhFbKaHE6c296J+HTAQXoxEF6gNupROmmGJRoyzfG3ccAveqCBrwr/2yxQ5BVd/GTl5agOwSg=="
    "resolved" "https://registry.npmjs.org/range-parser/-/range-parser-1.2.1.tgz"
    "version" "1.2.1"
  
  "raw-body@2.5.1":
    "integrity" "sha512-qqJBtEyVgS0ZmPGdCFPWJ3FreoqvG4MVQln/kCgF7Olq95IbOp0/BWyMwbdtn4VTvkM8Y7khCQ2Xgk/tcrCXig=="
    "resolved" "https://registry.npmjs.org/raw-body/-/raw-body-2.5.1.tgz"
    "version" "2.5.1"
    dependencies:
      "bytes" "3.1.2"
      "http-errors" "2.0.0"
      "iconv-lite" "0.4.24"
      "unpipe" "1.0.0"
  
  "readable-stream@~2.0.0":
    "integrity" "sha512-TXcFfb63BQe1+ySzsHZI/5v1aJPCShfqvWJ64ayNImXMsN1Cd0YGk/wm8KB7/OeessgPc9QvS9Zou8QTkFzsLw=="
    "resolved" "https://registry.npmjs.org/readable-stream/-/readable-stream-2.0.6.tgz"
    "version" "2.0.6"
    dependencies:
      "core-util-is" "~1.0.0"
      "inherits" "~2.0.1"
      "isarray" "~1.0.0"
      "process-nextick-args" "~1.0.6"
      "string_decoder" "~0.10.x"
      "util-deprecate" "~1.0.1"
  
  "request@^2.88.0":
    "integrity" "sha512-MsvtOrfG9ZcrOwAW+Qi+F6HbD0CWXEh9ou77uOb7FM2WPhwT7smM833PzanhJLsgXjN89Ir6V2PczXNnMpwKhw=="
    "resolved" "https://registry.npmjs.org/request/-/request-2.88.2.tgz"
    "version" "2.88.2"
    dependencies:
      "aws-sign2" "~0.7.0"
      "aws4" "^1.8.0"
      "caseless" "~0.12.0"
      "combined-stream" "~1.0.6"
      "extend" "~3.0.2"
      "forever-agent" "~0.6.1"
      "form-data" "~2.3.2"
      "har-validator" "~5.1.3"
      "http-signature" "~1.2.0"
      "is-typedarray" "~1.0.0"
      "isstream" "~0.1.2"
      "json-stringify-safe" "~5.0.1"
      "mime-types" "~2.1.19"
      "oauth-sign" "~0.9.0"
      "performance-now" "^2.1.0"
      "qs" "~6.5.2"
      "safe-buffer" "^5.1.2"
      "tough-cookie" "~2.5.0"
      "tunnel-agent" "^0.6.0"
      "uuid" "^3.3.2"
  
  "requires-port@^1.0.0":
    "integrity" "sha512-KigOCHcocU3XODJxsu8i/j8T9tzT4adHiecwORRQ0ZZFcp7ahwXuRU1m+yuO90C5ZUyGeGfocHDI14M3L3yDAQ=="
    "resolved" "https://registry.npmjs.org/requires-port/-/requires-port-1.0.0.tgz"
    "version" "1.0.0"
  
  "robust-predicates@^3.0.0":
    "integrity" "sha512-ndEIpszUHiG4HtDsQLeIuMvRsDnn8c8rYStabochtUeCvfuvNptb5TUbVD68LRAILPX7p9nqQGh4xJgn3EHS/g=="
    "resolved" "https://registry.npmjs.org/robust-predicates/-/robust-predicates-3.0.1.tgz"
    "version" "3.0.1"
  
  "rss-to-json@^2.1.1":
    "integrity" "sha512-xXf93iDpOadPWMtAUA/bT1iyifscdbIdtAQBGRbXLfnDQ5Z4tWpmbrAhV3p54nWxwm4joGIDeUrj6CLGm8BI3A=="
    "resolved" "https://registry.npmjs.org/rss-to-json/-/rss-to-json-2.1.1.tgz"
    "version" "2.1.1"
    dependencies:
      "axios" "^1.2.6"
      "fast-xml-parser" "^4.0.15"
  
  "rw@1":
    "integrity" "sha512-PdhdWy89SiZogBLaw42zdeqtRJ//zFd2PgQavcICDUgJT5oW10QCRKbJ6bg4r0/UY2M6BWd5tkxuGFRvCkgfHQ=="
    "resolved" "https://registry.npmjs.org/rw/-/rw-1.3.3.tgz"
    "version" "1.3.3"
  
  "safe-buffer@^5.0.1", "safe-buffer@^5.1.2", "safe-buffer@5.2.1":
    "integrity" "sha512-rp3So07KcdmmKbGvgaNxQSJr7bGVSVk5S9Eq1F+ppbRo70+YeaDxkw5Dd8NPN+GD6bjnYm2VuPuCXmpuYvmCXQ=="
    "resolved" "https://registry.npmjs.org/safe-buffer/-/safe-buffer-5.2.1.tgz"
    "version" "5.2.1"
  
  "safer-buffer@^2.0.2", "safer-buffer@^2.1.0", "safer-buffer@>= 2.1.2 < 3", "safer-buffer@>= 2.1.2 < 3.0.0", "safer-buffer@~2.1.0":
    "integrity" "sha512-YZo3K82SD7Riyi0E1EQPojLz7kpepnSQI9IyPbHHg1XXXevb5dJI7tpyN2ADxGcQbHG7vcyRHk0cbwqcQriUtg=="
    "resolved" "https://registry.npmjs.org/safer-buffer/-/safer-buffer-2.1.2.tgz"
    "version" "2.1.2"
  
  "saxes@^5.0.1":
    "integrity" "sha512-5LBh1Tls8c9xgGjw3QrMwETmTMVk0oFgvrFSvWx62llR2hcEInrKNZ2GZCCuuy2lvWrdl5jhbpeqc5hRYKFOcw=="
    "resolved" "https://registry.npmjs.org/saxes/-/saxes-5.0.1.tgz"
    "version" "5.0.1"
    dependencies:
      "xmlchars" "^2.2.0"
  
  "send@0.18.0":
    "integrity" "sha512-qqWzuOjSFOuqPjFe4NOsMLafToQQwBSOEpS+FwEt3A2V3vKubTquT3vmLTQpFgMXp8AlFWFuP1qKaJZOtPpVXg=="
    "resolved" "https://registry.npmjs.org/send/-/send-0.18.0.tgz"
    "version" "0.18.0"
    dependencies:
      "debug" "2.6.9"
      "depd" "2.0.0"
      "destroy" "1.2.0"
      "encodeurl" "~1.0.2"
      "escape-html" "~1.0.3"
      "etag" "~1.8.1"
      "fresh" "0.5.2"
      "http-errors" "2.0.0"
      "mime" "1.6.0"
      "ms" "2.1.3"
      "on-finished" "2.4.1"
      "range-parser" "~1.2.1"
      "statuses" "2.0.1"
  
  "serve-static@1.15.0":
    "integrity" "sha512-XGuRDNjXUijsUL0vl6nSD7cwURuzEgglbOaFuZM9g3kwDXOWVTck0jLzjPzGD+TazWbboZYu52/9/XPdUgne9g=="
    "resolved" "https://registry.npmjs.org/serve-static/-/serve-static-1.15.0.tgz"
    "version" "1.15.0"
    dependencies:
      "encodeurl" "~1.0.2"
      "escape-html" "~1.0.3"
      "parseurl" "~1.3.3"
      "send" "0.18.0"
  
  "setprototypeof@1.2.0":
    "integrity" "sha512-E5LDX7Wrp85Kil5bhZv46j8jOeboKq5JMmYM3gVGdGH8xFpPWXUMsNrlODCrkoxMEeNi/XZIwuRvY4XNwYMJpw=="
    "resolved" "https://registry.npmjs.org/setprototypeof/-/setprototypeof-1.2.0.tgz"
    "version" "1.2.0"
  
  "side-channel@^1.0.4":
    "integrity" "sha512-q5XPytqFEIKHkGdiMIrY10mvLRvnQh42/+GoBlFW3b2LXLE2xxJpZFdm94we0BaoV3RwJyGqg5wS7epxTv0Zvw=="
    "resolved" "https://registry.npmjs.org/side-channel/-/side-channel-1.0.4.tgz"
    "version" "1.0.4"
    dependencies:
      "call-bind" "^1.0.0"
      "get-intrinsic" "^1.0.2"
      "object-inspect" "^1.9.0"
  
  "source-map@~0.6.1":
    "integrity" "sha512-UjgapumWlbMhkBgzT7Ykc5YXUT46F0iKu8SGXq0bcwP5dz/h0Plj6enJqjz1Zbq2l5WaqYnrVbwWOWMyF3F47g=="
    "resolved" "https://registry.npmjs.org/source-map/-/source-map-0.6.1.tgz"
    "version" "0.6.1"
  
  "sshpk@^1.7.0":
    "integrity" "sha512-/9HIEs1ZXGhSPE8X6Ccm7Nam1z8KcoCqPdI7ecm1N33EzAetWahvQWVqLZtaZQ+IDKX4IyA2o0gBzqIMkAagHQ=="
    "resolved" "https://registry.npmjs.org/sshpk/-/sshpk-1.17.0.tgz"
    "version" "1.17.0"
    dependencies:
      "asn1" "~0.2.3"
      "assert-plus" "^1.0.0"
      "bcrypt-pbkdf" "^1.0.0"
      "dashdash" "^1.12.0"
      "ecc-jsbn" "~0.1.1"
      "getpass" "^0.1.1"
      "jsbn" "~0.1.0"
      "safer-buffer" "^2.0.2"
      "tweetnacl" "~0.14.0"
  
  "statuses@2.0.1":
    "integrity" "sha512-RwNA9Z/7PrK06rYLIzFMlaF+l73iwpzsqRIFgbMLbTcLD6cOao82TaWefPXQvB2fOC4AjuYSEndS7N/mTCbkdQ=="
    "resolved" "https://registry.npmjs.org/statuses/-/statuses-2.0.1.tgz"
    "version" "2.0.1"
  
  "string_decoder@~0.10.x":
    "integrity" "sha512-ev2QzSzWPYmy9GuqfIVildA4OdcGLeFZQrq5ys6RtiuF+RQQiZWr8TZNyAcuVXyQRYfEO+MsoB/1BuQVhOJuoQ=="
    "resolved" "https://registry.npmjs.org/string_decoder/-/string_decoder-0.10.31.tgz"
    "version" "0.10.31"
  
  "strnum@^1.0.5":
    "integrity" "sha512-J8bbNyKKXl5qYcR36TIO8W3mVGVHrmmxsd5PAItGkmyzwJvybiw2IVq5nqd0i4LSNSkB/sx9VHllbfFdr9k1JA=="
    "resolved" "https://registry.npmjs.org/strnum/-/strnum-1.0.5.tgz"
    "version" "1.0.5"
  
  "symbol-tree@^3.2.4":
    "integrity" "sha512-9QNk5KwDF+Bvz+PyObkmSYjI5ksVUYtjW7AU22r2NKcfLJcXp96hkDWU3+XndOsUb+AQ9QhfzfCT2O+CNWT5Tw=="
    "resolved" "https://registry.npmjs.org/symbol-tree/-/symbol-tree-3.2.4.tgz"
    "version" "3.2.4"
  
  "togeojson@^0.16.0":
    "integrity" "sha512-DRBDgvZu8IGZpBC2QwH+GyyuId39XRTi4Ly9pawiwa4pEMXlc5yX0F0kjrqAzVuln0MWQkOEc2NnXuQzRBeFyw=="
    "resolved" "https://registry.npmjs.org/togeojson/-/togeojson-0.16.0.tgz"
    "version" "0.16.0"
    dependencies:
      "concat-stream" "~1.5.1"
      "minimist" "1.2.0"
      "xmldom" "~0.1.19"
  
  "toidentifier@1.0.1":
    "integrity" "sha512-o5sSPKEkg/DIQNmH43V0/uerLrpzVedkUh8tGNvaeXpfpuwjKenlSox/2O/BTlZUtEe+JG7s5YhEz608PlAHRA=="
    "resolved" "https://registry.npmjs.org/toidentifier/-/toidentifier-1.0.1.tgz"
    "version" "1.0.1"
  
  "tough-cookie@^4.0.0":
    "integrity" "sha512-G9fqXWoYFZgTc2z8Q5zaHy/vJMjm+WV0AkAeHxVCQiEB1b+dGvWzFW6QV07cY5jQ5gRkeid2qIkzkxUnmoQZUQ=="
    "resolved" "https://registry.npmjs.org/tough-cookie/-/tough-cookie-4.1.2.tgz"
    "version" "4.1.2"
    dependencies:
      "psl" "^1.1.33"
      "punycode" "^2.1.1"
      "universalify" "^0.2.0"
      "url-parse" "^1.5.3"
  
  "tough-cookie@~2.5.0":
    "integrity" "sha512-nlLsUzgm1kfLXSXfRZMc1KLAugd4hqJHDTvc2hDIwS3mZAfMEuMbc03SujMF+GEcpaX/qboeycw6iO8JwVv2+g=="
    "resolved" "https://registry.npmjs.org/tough-cookie/-/tough-cookie-2.5.0.tgz"
    "version" "2.5.0"
    dependencies:
      "psl" "^1.1.28"
      "punycode" "^2.1.1"
  
  "tr46@^2.1.0":
    "integrity" "sha512-15Ih7phfcdP5YxqiB+iDtLoaTz4Nd35+IiAv0kQ5FNKHzXgdWqPoTIqEDDJmXceQt4JZk6lVPT8lnDlPpGDppw=="
    "resolved" "https://registry.npmjs.org/tr46/-/tr46-2.1.0.tgz"
    "version" "2.1.0"
    dependencies:
      "punycode" "^2.1.1"
  
  "tunnel-agent@^0.6.0":
    "integrity" "sha512-McnNiV1l8RYeY8tBgEpuodCC1mLUdbSN+CYBL7kJsJNInOP8UjDDEwdk6Mw60vdLLrr5NHKZhMAOSrR2NZuQ+w=="
    "resolved" "https://registry.npmjs.org/tunnel-agent/-/tunnel-agent-0.6.0.tgz"
    "version" "0.6.0"
    dependencies:
      "safe-buffer" "^5.0.1"
  
  "tweetnacl@^0.14.3", "tweetnacl@~0.14.0":
    "integrity" "sha512-KXXFFdAbFXY4geFIwoyNK+f5Z1b7swfXABfL7HXCmoIWMKU3dmS26672A4EeQtDzLKy7SXmfBu51JolvEKwtGA=="
    "resolved" "https://registry.npmjs.org/tweetnacl/-/tweetnacl-0.14.5.tgz"
    "version" "0.14.5"
  
  "type-check@~0.3.2":
    "integrity" "sha512-ZCmOJdvOWDBYJlzAoFkC+Q0+bUyEOS1ltgp1MGU03fqHG+dbi9tBFU2Rd9QKiDZFAYrhPh2JUf7rZRIuHRKtOg=="
    "resolved" "https://registry.npmjs.org/type-check/-/type-check-0.3.2.tgz"
    "version" "0.3.2"
    dependencies:
      "prelude-ls" "~1.1.2"
  
  "type-is@~1.6.18":
    "integrity" "sha512-TkRKr9sUTxEH8MdfuCSP7VizJyzRNMjj2J2do2Jr3Kym598JVdEksuzPQCnlFPW4ky9Q+iA+ma9BGm06XQBy8g=="
    "resolved" "https://registry.npmjs.org/type-is/-/type-is-1.6.18.tgz"
    "version" "1.6.18"
    dependencies:
      "media-typer" "0.3.0"
      "mime-types" "~2.1.24"
  
  "typedarray@~0.0.5":
    "integrity" "sha512-ueeb9YybpjhivjbHP2LdFDAjbS948fGEPj+ACAMs4xCMmh72OCOMQWBQKlaN4ZNQ04yfLSDLSx1tGRIoWimObQ=="
    "resolved" "https://registry.npmjs.org/typedarray/-/typedarray-0.0.7.tgz"
    "version" "0.0.7"
  
  "underscore@~1.4.4":
    "integrity" "sha512-ZqGrAgaqqZM7LGRzNjLnw5elevWb5M8LEoDMadxIW3OWbcv72wMMgKdwOKpd5Fqxe8choLD8HN3iSj3TUh/giQ=="
    "resolved" "https://registry.npmjs.org/underscore/-/underscore-1.4.4.tgz"
    "version" "1.4.4"
  
  "universalify@^0.2.0":
    "integrity" "sha512-CJ1QgKmNg3CwvAv/kOFmtnEN05f0D/cn9QntgNOQlQF9dgvVTHj3t+8JPdjqawCHk7V/KA+fbUqzZ9XWhcqPUg=="
    "resolved" "https://registry.npmjs.org/universalify/-/universalify-0.2.0.tgz"
    "version" "0.2.0"
  
  "unpipe@~1.0.0", "unpipe@1.0.0":
    "integrity" "sha512-pjy2bYhSsufwWlKwPc+l3cN7+wuJlK6uz0YdJEOlQDbl6jo/YlPi4mb8agUkVC8BF7V8NuzeyPNqRksA3hztKQ=="
    "resolved" "https://registry.npmjs.org/unpipe/-/unpipe-1.0.0.tgz"
    "version" "1.0.0"
  
  "uri-js@^4.2.2":
    "integrity" "sha512-7rKUyy33Q1yc98pQ1DAmLtwX109F7TIfWlW1Ydo8Wl1ii1SeHieeh0HHfPeL2fMXK6z0s8ecKs9frCuLJvndBg=="
    "resolved" "https://registry.npmjs.org/uri-js/-/uri-js-4.4.1.tgz"
    "version" "4.4.1"
    dependencies:
      "punycode" "^2.1.0"
  
  "url-parse@^1.5.3":
    "integrity" "sha512-WypcfiRhfeUP9vvF0j6rw0J3hrWrw6iZv3+22h6iRMJ/8z1Tj6XfLP4DsUix5MhMPnXpiHDoKyoZ/bdCkwBCiQ=="
    "resolved" "https://registry.npmjs.org/url-parse/-/url-parse-1.5.10.tgz"
    "version" "1.5.10"
    dependencies:
      "querystringify" "^2.1.1"
      "requires-port" "^1.0.0"
  
  "util-deprecate@~1.0.1":
    "integrity" "sha512-EPD5q1uXyFxJpCrLnCc1nHnq3gOa6DZBocAIiI2TaSCA7VCJ1UJDMagCzIkXNsUYfD1daK//LTEQ8xiIbrHtcw=="
    "resolved" "https://registry.npmjs.org/util-deprecate/-/util-deprecate-1.0.2.tgz"
    "version" "1.0.2"
  
  "utils-merge@1.0.1":
    "integrity" "sha512-pMZTvIkT1d+TFGvDOqodOclx0QWkkgi6Tdoa8gC8ffGAAqz9pzPTZWAybbsHHoED/ztMtkv/VoYTYyShUn81hA=="
    "resolved" "https://registry.npmjs.org/utils-merge/-/utils-merge-1.0.1.tgz"
    "version" "1.0.1"
  
  "uuid@^3.3.2":
    "integrity" "sha512-HjSDRw6gZE5JMggctHBcjVak08+KEVhSIiDzFnT9S9aegmp85S/bReBVTb4QTFaRNptJ9kuYaNhnbNEOkbKb/A=="
    "resolved" "https://registry.npmjs.org/uuid/-/uuid-3.4.0.tgz"
    "version" "3.4.0"
  
  "vary@~1.1.2":
    "integrity" "sha512-BNGbWLfd0eUPabhkXUVm0j8uuvREyTh5ovRa/dyow/BqAbZJyC+5fU+IzQOzmAKzYqYRAISoRhdQr3eIZ/PXqg=="
    "resolved" "https://registry.npmjs.org/vary/-/vary-1.1.2.tgz"
    "version" "1.1.2"
  
  "verror@1.10.0":
    "integrity" "sha512-ZZKSmDAEFOijERBLkmYfJ+vmk3w+7hOLYDNkRCuRuMJGEmqYNCNLyBBFwWKVMhfwaEF3WOd0Zlw86U/WC/+nYw=="
    "resolved" "https://registry.npmjs.org/verror/-/verror-1.10.0.tgz"
    "version" "1.10.0"
    dependencies:
      "assert-plus" "^1.0.0"
      "core-util-is" "1.0.2"
      "extsprintf" "^1.2.0"
  
  "w3c-hr-time@^1.0.2":
    "integrity" "sha512-z8P5DvDNjKDoFIHK7q8r8lackT6l+jo/Ye3HOle7l9nICP9lf1Ci25fy9vHd0JOWewkIFzXIEig3TdKT7JQ5fQ=="
    "resolved" "https://registry.npmjs.org/w3c-hr-time/-/w3c-hr-time-1.0.2.tgz"
    "version" "1.0.2"
    dependencies:
      "browser-process-hrtime" "^1.0.0"
  
  "w3c-xmlserializer@^2.0.0":
    "integrity" "sha512-4tzD0mF8iSiMiNs30BiLO3EpfGLZUT2MSX/G+o7ZywDzliWQ3OPtTZ0PTC3B3ca1UAf4cJMHB+2Bf56EriJuRA=="
    "resolved" "https://registry.npmjs.org/w3c-xmlserializer/-/w3c-xmlserializer-2.0.0.tgz"
    "version" "2.0.0"
    dependencies:
      "xml-name-validator" "^3.0.0"
  
  "web-streams-polyfill@^3.0.3":
    "integrity" "sha512-e0MO3wdXWKrLbL0DgGnUV7WHVuw9OUvL4hjgnPkIeEvESk74gAITi5G606JtZPp39cd8HA9VQzCIvA49LpPN5Q=="
    "resolved" "https://registry.npmjs.org/web-streams-polyfill/-/web-streams-polyfill-3.2.1.tgz"
    "version" "3.2.1"
  
  "webidl-conversions@^5.0.0":
    "integrity" "sha512-VlZwKPCkYKxQgeSbH5EyngOmRp7Ww7I9rQLERETtf5ofd9pGeswWiOtogpEO850jziPRarreGxn5QIiTqpb2wA=="
    "resolved" "https://registry.npmjs.org/webidl-conversions/-/webidl-conversions-5.0.0.tgz"
    "version" "5.0.0"
  
  "webidl-conversions@^6.1.0":
    "integrity" "sha512-qBIvFLGiBpLjfwmYAaHPXsn+ho5xZnGvyGvsarywGNc8VyQJUMHJ8OBKGGrPER0okBeMDaan4mNBlgBROxuI8w=="
    "resolved" "https://registry.npmjs.org/webidl-conversions/-/webidl-conversions-6.1.0.tgz"
    "version" "6.1.0"
  
  "whatwg-encoding@^1.0.5":
    "integrity" "sha512-b5lim54JOPN9HtzvK9HFXvBma/rnfFeqsic0hSpjtDbVxR3dJKLc+KB4V6GgiGOvl7CY/KNh8rxSo9DKQrnUEw=="
    "resolved" "https://registry.npmjs.org/whatwg-encoding/-/whatwg-encoding-1.0.5.tgz"
    "version" "1.0.5"
    dependencies:
      "iconv-lite" "0.4.24"
  
  "whatwg-mimetype@^2.3.0":
    "integrity" "sha512-M4yMwr6mAnQz76TbJm914+gPpB/nCwvZbJU28cUD6dR004SAxDLOOSUaB1JDRqLtaOV/vi0IC5lEAGFgrjGv/g=="
    "resolved" "https://registry.npmjs.org/whatwg-mimetype/-/whatwg-mimetype-2.3.0.tgz"
    "version" "2.3.0"
  
  "whatwg-url@^8.0.0", "whatwg-url@^8.5.0":
    "integrity" "sha512-gAojqb/m9Q8a5IV96E3fHJM70AzCkgt4uXYX2O7EmuyOnLrViCQlsEBmF9UQIu3/aeAIp2U17rtbpZWNntQqdg=="
    "resolved" "https://registry.npmjs.org/whatwg-url/-/whatwg-url-8.7.0.tgz"
    "version" "8.7.0"
    dependencies:
      "lodash" "^4.7.0"
      "tr46" "^2.1.0"
      "webidl-conversions" "^6.1.0"
  
  "word-wrap@~1.2.3":
    "integrity" "sha512-Hz/mrNwitNRh/HUAtM/VT/5VH+ygD6DV7mYKZAtHOrbs8U7lvPS6xf7EJKMF0uW1KJCl0H701g3ZGus+muE5vQ=="
    "resolved" "https://registry.npmjs.org/word-wrap/-/word-wrap-1.2.3.tgz"
    "version" "1.2.3"
  
  "ws@^7.4.6":
    "integrity" "sha512-F+P9Jil7UiSKSkppIiD94dN07AwvFixvLIj1Og1Rl9GGMuNipJnV9JzjD6XuqmAeiswGvUmNLjr5cFuXwNS77Q=="
    "resolved" "https://registry.npmjs.org/ws/-/ws-7.5.9.tgz"
    "version" "7.5.9"
  
  "xml-name-validator@^3.0.0":
    "integrity" "sha512-A5CUptxDsvxKJEU3yO6DuWBSJz/qizqzJKOMIfUJHETbBw/sFaDxgd6fxm1ewUaM0jZ444Fc5vC5ROYurg/4Pw=="
    "resolved" "https://registry.npmjs.org/xml-name-validator/-/xml-name-validator-3.0.0.tgz"
    "version" "3.0.0"
  
  "xmlchars@^2.2.0":
    "integrity" "sha512-JZnDKK8B0RCDw84FNdDAIpZK+JuJw+s7Lz8nksI7SIuU3UXJJslUthsi+uWBUYOwPFwW7W7PRLRfUKpxjtjFCw=="
    "resolved" "https://registry.npmjs.org/xmlchars/-/xmlchars-2.2.0.tgz"
    "version" "2.2.0"
  
  "xmldom@^0.1.27", "xmldom@~0.1.19":
    "integrity" "sha512-yS2uJflVQs6n+CyjHoaBmVSqIDevTAWrzMmjG1Gc7h1qQ7uVozNhEPJAwZXWyGQ/Gafo3fCwrcaokezLPupVyQ=="
    "resolved" "https://registry.npmjs.org/xmldom/-/xmldom-0.1.31.tgz"
    "version" "0.1.31"
